<?xml version="1.0" encoding="UTF-8"?>
<robot generator="Robot 7.0 (Python 3.11.3 on win32)" generated="2024-06-22T17:49:55.872586" rpa="false" schemaversion="5">
<suite id="s1" name="Nejavu" source="C:\Users\aimai\OneDrive\Desktop\aimluffy_test\QA-Engineer-Testing-Bhuranasak\testcase\nejavu.robot">
<test id="s1-t1" name="TC001 Open Browser To Nejavu" line="10">
<kw name="Open Browser To Nejavu">
<kw name="Open Browser" owner="SeleniumLibrary">
<msg time="2024-06-22T17:49:56.002824" level="INFO">Opening browser 'Chrome' to base url 'https://www.nejavu.com'.</msg>
<arg>${URL}</arg>
<arg>${BROWSER}</arg>
<doc>Opens a new browser instance to the optional ``url``.</doc>
<status status="PASS" start="2024-06-22T17:49:56.002824" elapsed="4.680938"/>
</kw>
<kw name="Maximize Browser Window" owner="SeleniumLibrary">
<doc>Maximizes current browser window.</doc>
<status status="PASS" start="2024-06-22T17:50:00.684258" elapsed="0.041743"/>
</kw>
<status status="PASS" start="2024-06-22T17:49:56.001318" elapsed="4.724683"/>
</kw>
<status status="PASS" start="2024-06-22T17:49:56.001318" elapsed="4.725179"/>
</test>
<test id="s1-t2" name="TC002 Close Banner If Present" line="13">
<kw name="Close Banner If Present">
<kw name="Run Keyword And Return Status" owner="BuiltIn">
<kw name="Wait Until Element Is Visible" owner="SeleniumLibrary">
<arg>xpath://body/main[1]/div[2]/div[1]/div[1]/a[1]/img[1]</arg>
<arg>timeout=10s</arg>
<doc>Waits until the element ``locator`` is visible.</doc>
<status status="PASS" start="2024-06-22T17:50:00.727500" elapsed="0.052262"/>
</kw>
<msg time="2024-06-22T17:50:00.780167" level="INFO">${banner_present} = True</msg>
<var>${banner_present}</var>
<arg>Wait Until Element Is Visible</arg>
<arg>xpath://body/main[1]/div[2]/div[1]/div[1]/a[1]/img[1]</arg>
<arg>timeout=10s</arg>
<doc>Runs the given keyword with given arguments and returns the status as a Boolean value.</doc>
<status status="PASS" start="2024-06-22T17:50:00.727500" elapsed="0.052667"/>
</kw>
<kw name="Run Keyword If" owner="BuiltIn">
<kw name="Click Element" owner="SeleniumLibrary">
<msg time="2024-06-22T17:50:00.780663" level="INFO">Clicking element 'xpath://body/main[1]/div[2]/div[1]/a[1]'.</msg>
<arg>xpath://body/main[1]/div[2]/div[1]/a[1]</arg>
<doc>Click the element identified by ``locator``.</doc>
<status status="PASS" start="2024-06-22T17:50:00.780167" elapsed="0.038020"/>
</kw>
<arg>${banner_present}</arg>
<arg>Click Element</arg>
<arg>xpath://body/main[1]/div[2]/div[1]/a[1]</arg>
<doc>Runs the given keyword with the given arguments, if ``condition`` is true.</doc>
<status status="PASS" start="2024-06-22T17:50:00.780167" elapsed="0.038020"/>
</kw>
<status status="PASS" start="2024-06-22T17:50:00.726497" elapsed="0.091690"/>
</kw>
<kw name="Sleep" owner="BuiltIn">
<msg time="2024-06-22T17:50:01.819275" level="INFO">Slept 1 second.</msg>
<arg>1s</arg>
<doc>Pauses the test executed for the given time.</doc>
<status status="PASS" start="2024-06-22T17:50:00.819190" elapsed="1.000085"/>
</kw>
<status status="PASS" start="2024-06-22T17:50:00.726497" elapsed="1.093308"/>
</test>
<test id="s1-t3" name="TC003 Navigate To Cartoons Page" line="18">
<kw name="Navigate To Cartoons Page">
<kw name="Click Link" owner="SeleniumLibrary">
<msg time="2024-06-22T17:50:01.822292" level="INFO">Clicking link 'https://www.nejavu.com/cartoon'.</msg>
<arg>https://www.nejavu.com/cartoon</arg>
<doc>Clicks a link identified by ``locator``.</doc>
<status status="PASS" start="2024-06-22T17:50:01.822292" elapsed="1.175049"/>
</kw>
<kw name="Accept Cookie Banner If Present">
<kw name="Run Keyword And Return Status" owner="BuiltIn">
<kw name="Element Should Be Visible" owner="SeleniumLibrary">
<msg time="2024-06-22T17:50:03.009732" level="INFO">Element 'xpath://div[contains(@class, 'cookie-policy') and contains(@class, 'show')]' is displayed.</msg>
<arg>xpath://div[contains(@class, 'cookie-policy') and contains(@class, 'show')]</arg>
<doc>Verifies that the element identified by ``locator`` is visible.</doc>
<status status="PASS" start="2024-06-22T17:50:02.998391" elapsed="0.011341"/>
</kw>
<msg time="2024-06-22T17:50:03.010230" level="INFO">${cookie_banner_present} = True</msg>
<var>${cookie_banner_present}</var>
<arg>Element Should Be Visible</arg>
<arg>xpath://div[contains(@class, 'cookie-policy') and contains(@class, 'show')]</arg>
<doc>Runs the given keyword with given arguments and returns the status as a Boolean value.</doc>
<status status="PASS" start="2024-06-22T17:50:02.997838" elapsed="0.012392"/>
</kw>
<kw name="Run Keyword If" owner="BuiltIn">
<kw name="Run Keywords" owner="BuiltIn">
<kw name="Wait Until Element Is Visible" owner="SeleniumLibrary">
<arg>xpath://button[.//a[contains(text(), 'ยอมรับ')]]</arg>
<arg>timeout=10s</arg>
<doc>Waits until the element ``locator`` is visible.</doc>
<status status="PASS" start="2024-06-22T17:50:03.010230" elapsed="0.010947"/>
</kw>
<kw name="Click Element" owner="SeleniumLibrary">
<msg time="2024-06-22T17:50:03.021177" level="INFO">Clicking element 'xpath://button[.//a[contains(text(), 'ยอมรับ')]]'.</msg>
<arg>xpath://button[.//a[contains(text(), 'ยอมรับ')]]</arg>
<doc>Click the element identified by ``locator``.</doc>
<status status="PASS" start="2024-06-22T17:50:03.021177" elapsed="0.028156"/>
</kw>
<kw name="Wait Until Element Is Not Visible" owner="SeleniumLibrary">
<arg>xpath://div[contains(@class, 'cookie-policy') and contains(@class, 'show')]</arg>
<arg>timeout=10s</arg>
<doc>Waits until the element ``locator`` is not visible.</doc>
<status status="PASS" start="2024-06-22T17:50:03.049333" elapsed="0.217228"/>
</kw>
<arg>Wait Until Element Is Visible</arg>
<arg>xpath://button[.//a[contains(text(), 'ยอมรับ')]]</arg>
<arg>timeout=10s</arg>
<arg>AND</arg>
<arg>Click Element</arg>
<arg>xpath://button[.//a[contains(text(), 'ยอมรับ')]]</arg>
<arg>AND</arg>
<arg>Wait Until Element Is Not Visible</arg>
<arg>xpath://div[contains(@class, 'cookie-policy') and contains(@class, 'show')]</arg>
<arg>timeout=10s</arg>
<doc>Executes all the given keywords in a sequence.</doc>
<status status="PASS" start="2024-06-22T17:50:03.010230" elapsed="0.256331"/>
</kw>
<arg>${cookie_banner_present}</arg>
<arg>Run Keywords</arg>
<arg>Wait Until Element Is Visible</arg>
<arg>xpath://button[.//a[contains(text(), 'ยอมรับ')]]</arg>
<arg>timeout=10s</arg>
<arg>AND</arg>
<arg>Click Element</arg>
<arg>xpath://button[.//a[contains(text(), 'ยอมรับ')]]</arg>
<arg>AND</arg>
<arg>Wait Until Element Is Not Visible</arg>
<arg>xpath://div[contains(@class, 'cookie-policy') and contains(@class, 'show')]</arg>
<arg>timeout=10s</arg>
<doc>Runs the given keyword with the given arguments, if ``condition`` is true.</doc>
<status status="PASS" start="2024-06-22T17:50:03.010230" elapsed="0.256331"/>
</kw>
<status status="PASS" start="2024-06-22T17:50:02.997838" elapsed="0.268723"/>
</kw>
<kw name="Wait Until Page Contains Element" owner="SeleniumLibrary">
<arg>xpath://div[contains(@class, 'nev-pd-card')]</arg>
<doc>Waits until the element ``locator`` appears on the current page.</doc>
<status status="PASS" start="2024-06-22T17:50:03.266561" elapsed="0.006474"/>
</kw>
<status status="PASS" start="2024-06-22T17:50:01.821795" elapsed="1.451240"/>
</kw>
<status status="PASS" start="2024-06-22T17:50:01.821299" elapsed="1.451736"/>
</test>
<test id="s1-t4" name="TC004 Get Book Names In First Row" line="21">
<kw name="Get Book Names In First Row">
<kw name="Get WebElements" owner="SeleniumLibrary">
<msg time="2024-06-22T17:50:03.280078" level="INFO">@{book_elements} = [ &lt;selenium.webdriver.remote.webelement.WebElement (session="21f40ee7c774a45039f683d74108212b", element="f.9063136A091FE99A17069B8322551606.d.F6109865DF5E2760CA0EE5D5F5DA54ED.e.273")&gt; | &lt;selenium.webd...</msg>
<var>@{book_elements}</var>
<arg>xpath:(//div[contains(@class, 'nev-pd-card')])[position() &lt;= 5]//a/h5[@class='detail-title']</arg>
<doc>Returns a list of WebElement objects matching the ``locator``.</doc>
<status status="PASS" start="2024-06-22T17:50:03.274028" elapsed="0.006050"/>
</kw>
<kw name="Create List" owner="BuiltIn">
<msg time="2024-06-22T17:50:03.280078" level="INFO">@{book_names} = [ ]</msg>
<var>@{book_names}</var>
<doc>Returns a list containing given items.</doc>
<status status="PASS" start="2024-06-22T17:50:03.280078" elapsed="0.000497"/>
</kw>
<for flavor="IN">
<iter>
<kw name="Get Text" owner="SeleniumLibrary">
<msg time="2024-06-22T17:50:03.287051" level="INFO">${name} = ปฎิบัติการลับ บ้านโยซากุระ เล่ม 16</msg>
<var>${name}</var>
<arg>${element}</arg>
<doc>Returns the text value of the element identified by ``locator``.</doc>
<status status="PASS" start="2024-06-22T17:50:03.280575" elapsed="0.006476"/>
</kw>
<kw name="Strip String">
<kw name="Evaluate" owner="BuiltIn">
<msg time="2024-06-22T17:50:03.287547" level="INFO">${stripped_string} = ปฎิบัติการลับ บ้านโยซากุระ เล่ม 16</msg>
<var>${stripped_string}</var>
<arg>'${string}'.strip()</arg>
<doc>Evaluates the given expression in Python and returns the result.</doc>
<status status="PASS" start="2024-06-22T17:50:03.287051" elapsed="0.000496"/>
</kw>
<return>
<value>${stripped_string}</value>
<status status="PASS" start="2024-06-22T17:50:03.287547" elapsed="0.000000"/>
</return>
<msg time="2024-06-22T17:50:03.287547" level="INFO">${name} = ปฎิบัติการลับ บ้านโยซากุระ เล่ม 16</msg>
<var>${name}</var>
<arg>${name}</arg>
<status status="PASS" start="2024-06-22T17:50:03.287051" elapsed="0.000496"/>
</kw>
<kw name="Append To List" owner="Collections">
<arg>${book_names}</arg>
<arg>${name}</arg>
<doc>Adds ``values`` to the end of ``list``.</doc>
<status status="PASS" start="2024-06-22T17:50:03.287547" elapsed="0.000000"/>
</kw>
<var name="${element}">&lt;selenium.webdriver.remote.webelement.WebElement (session="21f40ee7c774a45039f683d74108212b", element="f.9063136A091FE99A17069B8322551606.d.F6109865DF5E2760CA0EE5D5F5DA54ED.e.273")&gt;</var>
<status status="PASS" start="2024-06-22T17:50:03.280575" elapsed="0.006972"/>
</iter>
<iter>
<kw name="Get Text" owner="SeleniumLibrary">
<msg time="2024-06-22T17:50:03.292034" level="INFO">${name} = ปฎิบัติการลับ บ้านโยซากุระ เล่ม 15</msg>
<var>${name}</var>
<arg>${element}</arg>
<doc>Returns the text value of the element identified by ``locator``.</doc>
<status status="PASS" start="2024-06-22T17:50:03.288044" elapsed="0.003990"/>
</kw>
<kw name="Strip String">
<kw name="Evaluate" owner="BuiltIn">
<msg time="2024-06-22T17:50:03.292530" level="INFO">${stripped_string} = ปฎิบัติการลับ บ้านโยซากุระ เล่ม 15</msg>
<var>${stripped_string}</var>
<arg>'${string}'.strip()</arg>
<doc>Evaluates the given expression in Python and returns the result.</doc>
<status status="PASS" start="2024-06-22T17:50:03.292034" elapsed="0.000496"/>
</kw>
<return>
<value>${stripped_string}</value>
<status status="PASS" start="2024-06-22T17:50:03.292530" elapsed="0.000000"/>
</return>
<msg time="2024-06-22T17:50:03.292530" level="INFO">${name} = ปฎิบัติการลับ บ้านโยซากุระ เล่ม 15</msg>
<var>${name}</var>
<arg>${name}</arg>
<status status="PASS" start="2024-06-22T17:50:03.292034" elapsed="0.000496"/>
</kw>
<kw name="Append To List" owner="Collections">
<arg>${book_names}</arg>
<arg>${name}</arg>
<doc>Adds ``values`` to the end of ``list``.</doc>
<status status="PASS" start="2024-06-22T17:50:03.292530" elapsed="0.000000"/>
</kw>
<var name="${element}">&lt;selenium.webdriver.remote.webelement.WebElement (session="21f40ee7c774a45039f683d74108212b", element="f.9063136A091FE99A17069B8322551606.d.F6109865DF5E2760CA0EE5D5F5DA54ED.e.274")&gt;</var>
<status status="PASS" start="2024-06-22T17:50:03.288044" elapsed="0.004486"/>
</iter>
<iter>
<kw name="Get Text" owner="SeleniumLibrary">
<msg time="2024-06-22T17:50:03.297002" level="INFO">${name} = PERSONA4 เพอร์โซนา 4 เล่ม 1</msg>
<var>${name}</var>
<arg>${element}</arg>
<doc>Returns the text value of the element identified by ``locator``.</doc>
<status status="PASS" start="2024-06-22T17:50:03.293029" elapsed="0.003973"/>
</kw>
<kw name="Strip String">
<kw name="Evaluate" owner="BuiltIn">
<msg time="2024-06-22T17:50:03.297499" level="INFO">${stripped_string} = PERSONA4 เพอร์โซนา 4 เล่ม 1</msg>
<var>${stripped_string}</var>
<arg>'${string}'.strip()</arg>
<doc>Evaluates the given expression in Python and returns the result.</doc>
<status status="PASS" start="2024-06-22T17:50:03.297499" elapsed="0.000000"/>
</kw>
<return>
<value>${stripped_string}</value>
<status status="PASS" start="2024-06-22T17:50:03.297995" elapsed="0.000000"/>
</return>
<msg time="2024-06-22T17:50:03.297995" level="INFO">${name} = PERSONA4 เพอร์โซนา 4 เล่ม 1</msg>
<var>${name}</var>
<arg>${name}</arg>
<status status="PASS" start="2024-06-22T17:50:03.297499" elapsed="0.000496"/>
</kw>
<kw name="Append To List" owner="Collections">
<arg>${book_names}</arg>
<arg>${name}</arg>
<doc>Adds ``values`` to the end of ``list``.</doc>
<status status="PASS" start="2024-06-22T17:50:03.297995" elapsed="0.000000"/>
</kw>
<var name="${element}">&lt;selenium.webdriver.remote.webelement.WebElement (session="21f40ee7c774a45039f683d74108212b", element="f.9063136A091FE99A17069B8322551606.d.F6109865DF5E2760CA0EE5D5F5DA54ED.e.275")&gt;</var>
<status status="PASS" start="2024-06-22T17:50:03.293029" elapsed="0.004966"/>
</iter>
<iter>
<kw name="Get Text" owner="SeleniumLibrary">
<msg time="2024-06-22T17:50:03.301990" level="INFO">${name} = เสียงหัวใจของฉัน 「มีแค่เธอนั้นที่รู้」เล่ม 9</msg>
<var>${name}</var>
<arg>${element}</arg>
<doc>Returns the text value of the element identified by ``locator``.</doc>
<status status="PASS" start="2024-06-22T17:50:03.298492" elapsed="0.003498"/>
</kw>
<kw name="Strip String">
<kw name="Evaluate" owner="BuiltIn">
<msg time="2024-06-22T17:50:03.302486" level="INFO">${stripped_string} = เสียงหัวใจของฉัน 「มีแค่เธอนั้นที่รู้」เล่ม 9</msg>
<var>${stripped_string}</var>
<arg>'${string}'.strip()</arg>
<doc>Evaluates the given expression in Python and returns the result.</doc>
<status status="PASS" start="2024-06-22T17:50:03.302486" elapsed="0.000000"/>
</kw>
<return>
<value>${stripped_string}</value>
<status status="PASS" start="2024-06-22T17:50:03.302983" elapsed="0.000000"/>
</return>
<msg time="2024-06-22T17:50:03.302983" level="INFO">${name} = เสียงหัวใจของฉัน 「มีแค่เธอนั้นที่รู้」เล่ม 9</msg>
<var>${name}</var>
<arg>${name}</arg>
<status status="PASS" start="2024-06-22T17:50:03.302486" elapsed="0.000497"/>
</kw>
<kw name="Append To List" owner="Collections">
<arg>${book_names}</arg>
<arg>${name}</arg>
<doc>Adds ``values`` to the end of ``list``.</doc>
<status status="PASS" start="2024-06-22T17:50:03.302983" elapsed="0.000000"/>
</kw>
<var name="${element}">&lt;selenium.webdriver.remote.webelement.WebElement (session="21f40ee7c774a45039f683d74108212b", element="f.9063136A091FE99A17069B8322551606.d.F6109865DF5E2760CA0EE5D5F5DA54ED.e.276")&gt;</var>
<status status="PASS" start="2024-06-22T17:50:03.297995" elapsed="0.004988"/>
</iter>
<iter>
<kw name="Get Text" owner="SeleniumLibrary">
<msg time="2024-06-22T17:50:03.307453" level="INFO">${name} = New Prince of Tennis ภาค 2 เล่ม 27</msg>
<var>${name}</var>
<arg>${element}</arg>
<doc>Returns the text value of the element identified by ``locator``.</doc>
<status status="PASS" start="2024-06-22T17:50:03.302983" elapsed="0.004470"/>
</kw>
<kw name="Strip String">
<kw name="Evaluate" owner="BuiltIn">
<msg time="2024-06-22T17:50:03.307950" level="INFO">${stripped_string} = New Prince of Tennis ภาค 2 เล่ม 27</msg>
<var>${stripped_string}</var>
<arg>'${string}'.strip()</arg>
<doc>Evaluates the given expression in Python and returns the result.</doc>
<status status="PASS" start="2024-06-22T17:50:03.307950" elapsed="0.000000"/>
</kw>
<return>
<value>${stripped_string}</value>
<status status="PASS" start="2024-06-22T17:50:03.307950" elapsed="0.000000"/>
</return>
<msg time="2024-06-22T17:50:03.307950" level="INFO">${name} = New Prince of Tennis ภาค 2 เล่ม 27</msg>
<var>${name}</var>
<arg>${name}</arg>
<status status="PASS" start="2024-06-22T17:50:03.307453" elapsed="0.000497"/>
</kw>
<kw name="Append To List" owner="Collections">
<arg>${book_names}</arg>
<arg>${name}</arg>
<doc>Adds ``values`` to the end of ``list``.</doc>
<status status="PASS" start="2024-06-22T17:50:03.307950" elapsed="0.000508"/>
</kw>
<var name="${element}">&lt;selenium.webdriver.remote.webelement.WebElement (session="21f40ee7c774a45039f683d74108212b", element="f.9063136A091FE99A17069B8322551606.d.F6109865DF5E2760CA0EE5D5F5DA54ED.e.277")&gt;</var>
<status status="PASS" start="2024-06-22T17:50:03.302983" elapsed="0.005475"/>
</iter>
<var>${element}</var>
<value>@{book_elements}</value>
<status status="PASS" start="2024-06-22T17:50:03.280575" elapsed="0.027883"/>
</for>
<kw name="Log" owner="BuiltIn">
<msg time="2024-06-22T17:50:03.308458" level="INFO">Found book names: ['ปฎิบัติการลับ บ้านโยซากุระ เล่ม 16', 'ปฎิบัติการลับ บ้านโยซากุระ เล่ม 15', 'PERSONA4 เพอร์โซนา 4 เล่ม 1', 'เสียงหัวใจของฉัน 「มีแค่เธอนั้นที่รู้」เล่ม 9', 'New Prince of Tennis ภาค 2 เล่ม 27']</msg>
<arg>Found book names: ${book_names}</arg>
<doc>Logs the given message with the given level.</doc>
<status status="PASS" start="2024-06-22T17:50:03.308458" elapsed="0.000000"/>
</kw>
<return>
<value>${book_names}</value>
<status status="PASS" start="2024-06-22T17:50:03.308458" elapsed="0.000000"/>
</return>
<msg time="2024-06-22T17:50:03.308458" level="INFO">${book_names} = ['ปฎิบัติการลับ บ้านโยซากุระ เล่ม 16', 'ปฎิบัติการลับ บ้านโยซากุระ เล่ม 15', 'PERSONA4 เพอร์โซนา 4 เล่ม 1', 'เสียงหัวใจของฉัน 「มีแค่เธอนั้นที่รู้」เล่ม 9', 'New Prince of Tennis ภาค 2 เล่ม 27']</msg>
<var>${book_names}</var>
<status status="PASS" start="2024-06-22T17:50:03.274028" elapsed="0.034430"/>
</kw>
<kw name="Set Suite Variable" owner="BuiltIn">
<msg time="2024-06-22T17:50:03.308458" level="INFO">${book_names} = ['ปฎิบัติการลับ บ้านโยซากุระ เล่ม 16', 'ปฎิบัติการลับ บ้านโยซากุระ เล่ม 15', 'PERSONA4 เพอร์โซนา 4 เล่ม 1', 'เสียงหัวใจของฉัน 「มีแค่เธอนั้นที่รู้」เล่ม 9', 'New Prince of Tennis ภาค 2 เล่ม 27']</msg>
<arg>${book_names}</arg>
<doc>Makes a variable available everywhere within the scope of the current suite.</doc>
<status status="PASS" start="2024-06-22T17:50:03.308458" elapsed="0.000000"/>
</kw>
<status status="PASS" start="2024-06-22T17:50:03.273531" elapsed="0.035929"/>
</test>
<test id="s1-t5" name="TC005 Add All Books In First Row To Cart" line="25">
<kw name="Add All Books In First Row To Cart">
<kw name="Get WebElements" owner="SeleniumLibrary">
<msg time="2024-06-22T17:50:03.315928" level="INFO">@{add_buttons} = [ &lt;selenium.webdriver.remote.webelement.WebElement (session="21f40ee7c774a45039f683d74108212b", element="f.9063136A091FE99A17069B8322551606.d.F6109865DF5E2760CA0EE5D5F5DA54ED.e.278")&gt; | &lt;selenium.webd...</msg>
<var>@{add_buttons}</var>
<arg>xpath:(//div[contains(@class, 'nev-pd-card')])[position() &lt;= 5]//form[@id='QuickCartRequestForm']//button[@id='quick-cart-button']</arg>
<doc>Returns a list of WebElement objects matching the ``locator``.</doc>
<status status="PASS" start="2024-06-22T17:50:03.309967" elapsed="0.006963"/>
</kw>
<kw name="Get Length" owner="BuiltIn">
<msg time="2024-06-22T17:50:03.316930" level="INFO">Length is 5.</msg>
<msg time="2024-06-22T17:50:03.316930" level="INFO">${button_count} = 5</msg>
<var>${button_count}</var>
<arg>${add_buttons}</arg>
<doc>Returns and logs the length of the given item as an integer.</doc>
<status status="PASS" start="2024-06-22T17:50:03.316930" elapsed="0.000000"/>
</kw>
<kw name="Log" owner="BuiltIn">
<msg time="2024-06-22T17:50:03.316930" level="INFO">Found 5 'Add to Cart' buttons to process</msg>
<arg>Found ${button_count} 'Add to Cart' buttons to process</arg>
<doc>Logs the given message with the given level.</doc>
<status status="PASS" start="2024-06-22T17:50:03.316930" elapsed="0.000000"/>
</kw>
<for flavor="IN ENUMERATE" start="1">
<iter>
<kw name="Click Add To Cart Button">
<kw name="Scroll Element Into View" owner="SeleniumLibrary">
<arg>${button}</arg>
<doc>Scrolls the element identified by ``locator`` into view.</doc>
<status status="PASS" start="2024-06-22T17:50:03.317431" elapsed="0.267719"/>
</kw>
<kw name="Wait Until Element Is Visible" owner="SeleniumLibrary">
<arg>${button}</arg>
<arg>timeout=10s</arg>
<doc>Waits until the element ``locator`` is visible.</doc>
<status status="PASS" start="2024-06-22T17:50:03.585150" elapsed="0.004555"/>
</kw>
<kw name="Wait Until Element Is Enabled" owner="SeleniumLibrary">
<arg>${button}</arg>
<arg>timeout=10s</arg>
<doc>Waits until the element ``locator`` is enabled.</doc>
<status status="PASS" start="2024-06-22T17:50:03.590201" elapsed="0.012066"/>
</kw>
<kw name="Click Element" owner="SeleniumLibrary">
<msg time="2024-06-22T17:50:03.602267" level="INFO">Clicking element '&lt;selenium.webdriver.remote.webelement.WebElement (session="21f40ee7c774a45039f683d74108212b", element="f.9063136A091FE99A17069B8322551606.d.F6109865DF5E2760CA0EE5D5F5DA54ED.e.278")&gt;'.</msg>
<arg>${button}</arg>
<doc>Click the element identified by ``locator``.</doc>
<status status="PASS" start="2024-06-22T17:50:03.602267" elapsed="0.033523"/>
</kw>
<kw name="Sleep" owner="BuiltIn">
<msg time="2024-06-22T17:50:05.636293" level="INFO">Slept 2 seconds.</msg>
<arg>2s</arg>
<doc>Pauses the test executed for the given time.</doc>
<status status="PASS" start="2024-06-22T17:50:03.635790" elapsed="2.000503"/>
</kw>
<arg>${button}</arg>
<arg>${index}</arg>
<status status="PASS" start="2024-06-22T17:50:03.317431" elapsed="2.318862"/>
</kw>
<var name="${index}">1</var>
<var name="${button}">&lt;selenium.webdriver.remote.webelement.WebElement (session="21f40ee7c774a45039f683d74108212b", element="f.9063136A091FE99A17069B8322551606.d.F6109865DF5E2760CA0EE5D5F5DA54ED.e.278")&gt;</var>
<status status="PASS" start="2024-06-22T17:50:03.317431" elapsed="2.319381"/>
</iter>
<iter>
<kw name="Click Add To Cart Button">
<kw name="Scroll Element Into View" owner="SeleniumLibrary">
<arg>${button}</arg>
<doc>Scrolls the element identified by ``locator`` into view.</doc>
<status status="PASS" start="2024-06-22T17:50:05.637805" elapsed="0.266105"/>
</kw>
<kw name="Wait Until Element Is Visible" owner="SeleniumLibrary">
<arg>${button}</arg>
<arg>timeout=10s</arg>
<doc>Waits until the element ``locator`` is visible.</doc>
<status status="PASS" start="2024-06-22T17:50:05.903910" elapsed="0.007104"/>
</kw>
<kw name="Wait Until Element Is Enabled" owner="SeleniumLibrary">
<arg>${button}</arg>
<arg>timeout=10s</arg>
<doc>Waits until the element ``locator`` is enabled.</doc>
<status status="PASS" start="2024-06-22T17:50:05.911014" elapsed="0.006488"/>
</kw>
<kw name="Click Element" owner="SeleniumLibrary">
<msg time="2024-06-22T17:50:05.917502" level="INFO">Clicking element '&lt;selenium.webdriver.remote.webelement.WebElement (session="21f40ee7c774a45039f683d74108212b", element="f.9063136A091FE99A17069B8322551606.d.F6109865DF5E2760CA0EE5D5F5DA54ED.e.279")&gt;'.</msg>
<arg>${button}</arg>
<doc>Click the element identified by ``locator``.</doc>
<status status="PASS" start="2024-06-22T17:50:05.917502" elapsed="0.020435"/>
</kw>
<kw name="Sleep" owner="BuiltIn">
<msg time="2024-06-22T17:50:07.938496" level="INFO">Slept 2 seconds.</msg>
<arg>2s</arg>
<doc>Pauses the test executed for the given time.</doc>
<status status="PASS" start="2024-06-22T17:50:05.937937" elapsed="2.000559"/>
</kw>
<arg>${button}</arg>
<arg>${index}</arg>
<status status="PASS" start="2024-06-22T17:50:05.637309" elapsed="2.301187"/>
</kw>
<var name="${index}">2</var>
<var name="${button}">&lt;selenium.webdriver.remote.webelement.WebElement (session="21f40ee7c774a45039f683d74108212b", element="f.9063136A091FE99A17069B8322551606.d.F6109865DF5E2760CA0EE5D5F5DA54ED.e.279")&gt;</var>
<status status="PASS" start="2024-06-22T17:50:05.636812" elapsed="2.301684"/>
</iter>
<iter>
<kw name="Click Add To Cart Button">
<kw name="Scroll Element Into View" owner="SeleniumLibrary">
<arg>${button}</arg>
<doc>Scrolls the element identified by ``locator`` into view.</doc>
<status status="PASS" start="2024-06-22T17:50:07.938496" elapsed="0.267948"/>
</kw>
<kw name="Wait Until Element Is Visible" owner="SeleniumLibrary">
<arg>${button}</arg>
<arg>timeout=10s</arg>
<doc>Waits until the element ``locator`` is visible.</doc>
<status status="PASS" start="2024-06-22T17:50:08.206444" elapsed="0.004005"/>
</kw>
<kw name="Wait Until Element Is Enabled" owner="SeleniumLibrary">
<arg>${button}</arg>
<arg>timeout=10s</arg>
<doc>Waits until the element ``locator`` is enabled.</doc>
<status status="PASS" start="2024-06-22T17:50:08.210449" elapsed="0.006457"/>
</kw>
<kw name="Click Element" owner="SeleniumLibrary">
<msg time="2024-06-22T17:50:08.217403" level="INFO">Clicking element '&lt;selenium.webdriver.remote.webelement.WebElement (session="21f40ee7c774a45039f683d74108212b", element="f.9063136A091FE99A17069B8322551606.d.F6109865DF5E2760CA0EE5D5F5DA54ED.e.280")&gt;'.</msg>
<arg>${button}</arg>
<doc>Click the element identified by ``locator``.</doc>
<status status="PASS" start="2024-06-22T17:50:08.217403" elapsed="0.023012"/>
</kw>
<kw name="Sleep" owner="BuiltIn">
<msg time="2024-06-22T17:50:10.240812" level="INFO">Slept 2 seconds.</msg>
<arg>2s</arg>
<doc>Pauses the test executed for the given time.</doc>
<status status="PASS" start="2024-06-22T17:50:08.240415" elapsed="2.000397"/>
</kw>
<arg>${button}</arg>
<arg>${index}</arg>
<status status="PASS" start="2024-06-22T17:50:07.938496" elapsed="2.302316"/>
</kw>
<var name="${index}">3</var>
<var name="${button}">&lt;selenium.webdriver.remote.webelement.WebElement (session="21f40ee7c774a45039f683d74108212b", element="f.9063136A091FE99A17069B8322551606.d.F6109865DF5E2760CA0EE5D5F5DA54ED.e.280")&gt;</var>
<status status="PASS" start="2024-06-22T17:50:07.938496" elapsed="2.302316"/>
</iter>
<iter>
<kw name="Click Add To Cart Button">
<kw name="Scroll Element Into View" owner="SeleniumLibrary">
<arg>${button}</arg>
<doc>Scrolls the element identified by ``locator`` into view.</doc>
<status status="PASS" start="2024-06-22T17:50:10.241310" elapsed="0.266287"/>
</kw>
<kw name="Wait Until Element Is Visible" owner="SeleniumLibrary">
<arg>${button}</arg>
<arg>timeout=10s</arg>
<doc>Waits until the element ``locator`` is visible.</doc>
<status status="PASS" start="2024-06-22T17:50:10.507597" elapsed="0.005810"/>
</kw>
<kw name="Wait Until Element Is Enabled" owner="SeleniumLibrary">
<arg>${button}</arg>
<arg>timeout=10s</arg>
<doc>Waits until the element ``locator`` is enabled.</doc>
<status status="PASS" start="2024-06-22T17:50:10.513407" elapsed="0.007506"/>
</kw>
<kw name="Click Element" owner="SeleniumLibrary">
<msg time="2024-06-22T17:50:10.520913" level="INFO">Clicking element '&lt;selenium.webdriver.remote.webelement.WebElement (session="21f40ee7c774a45039f683d74108212b", element="f.9063136A091FE99A17069B8322551606.d.F6109865DF5E2760CA0EE5D5F5DA54ED.e.281")&gt;'.</msg>
<arg>${button}</arg>
<doc>Click the element identified by ``locator``.</doc>
<status status="PASS" start="2024-06-22T17:50:10.520913" elapsed="0.023363"/>
</kw>
<kw name="Sleep" owner="BuiltIn">
<msg time="2024-06-22T17:50:12.544878" level="INFO">Slept 2 seconds.</msg>
<arg>2s</arg>
<doc>Pauses the test executed for the given time.</doc>
<status status="PASS" start="2024-06-22T17:50:10.544773" elapsed="2.000105"/>
</kw>
<arg>${button}</arg>
<arg>${index}</arg>
<status status="PASS" start="2024-06-22T17:50:10.240812" elapsed="2.304066"/>
</kw>
<var name="${index}">4</var>
<var name="${button}">&lt;selenium.webdriver.remote.webelement.WebElement (session="21f40ee7c774a45039f683d74108212b", element="f.9063136A091FE99A17069B8322551606.d.F6109865DF5E2760CA0EE5D5F5DA54ED.e.281")&gt;</var>
<status status="PASS" start="2024-06-22T17:50:10.240812" elapsed="2.304066"/>
</iter>
<iter>
<kw name="Click Add To Cart Button">
<kw name="Scroll Element Into View" owner="SeleniumLibrary">
<arg>${button}</arg>
<doc>Scrolls the element identified by ``locator`` into view.</doc>
<status status="PASS" start="2024-06-22T17:50:12.545398" elapsed="0.267540"/>
</kw>
<kw name="Wait Until Element Is Visible" owner="SeleniumLibrary">
<arg>${button}</arg>
<arg>timeout=10s</arg>
<doc>Waits until the element ``locator`` is visible.</doc>
<status status="PASS" start="2024-06-22T17:50:12.812938" elapsed="0.004484"/>
</kw>
<kw name="Wait Until Element Is Enabled" owner="SeleniumLibrary">
<arg>${button}</arg>
<arg>timeout=10s</arg>
<doc>Waits until the element ``locator`` is enabled.</doc>
<status status="PASS" start="2024-06-22T17:50:12.817918" elapsed="0.005988"/>
</kw>
<kw name="Click Element" owner="SeleniumLibrary">
<msg time="2024-06-22T17:50:12.823906" level="INFO">Clicking element '&lt;selenium.webdriver.remote.webelement.WebElement (session="21f40ee7c774a45039f683d74108212b", element="f.9063136A091FE99A17069B8322551606.d.F6109865DF5E2760CA0EE5D5F5DA54ED.e.282")&gt;'.</msg>
<arg>${button}</arg>
<doc>Click the element identified by ``locator``.</doc>
<status status="PASS" start="2024-06-22T17:50:12.823906" elapsed="0.024462"/>
</kw>
<kw name="Sleep" owner="BuiltIn">
<msg time="2024-06-22T17:50:14.848466" level="INFO">Slept 2 seconds.</msg>
<arg>2s</arg>
<doc>Pauses the test executed for the given time.</doc>
<status status="PASS" start="2024-06-22T17:50:12.848368" elapsed="2.000098"/>
</kw>
<arg>${button}</arg>
<arg>${index}</arg>
<status status="PASS" start="2024-06-22T17:50:12.544878" elapsed="2.303588"/>
</kw>
<var name="${index}">5</var>
<var name="${button}">&lt;selenium.webdriver.remote.webelement.WebElement (session="21f40ee7c774a45039f683d74108212b", element="f.9063136A091FE99A17069B8322551606.d.F6109865DF5E2760CA0EE5D5F5DA54ED.e.282")&gt;</var>
<status status="PASS" start="2024-06-22T17:50:12.544878" elapsed="2.303588"/>
</iter>
<var>${index}</var>
<var>${button}</var>
<value>@{add_buttons}</value>
<status status="PASS" start="2024-06-22T17:50:03.317431" elapsed="11.531035"/>
</for>
<status status="PASS" start="2024-06-22T17:50:03.309967" elapsed="11.538499"/>
</kw>
<status status="PASS" start="2024-06-22T17:50:03.309967" elapsed="11.538499"/>
</test>
<test id="s1-t6" name="TC006 Go To Cart Page" line="28">
<kw name="Go To Cart Page">
<kw name="Click Link" owner="SeleniumLibrary">
<msg time="2024-06-22T17:50:14.850023" level="INFO">Clicking link 'https://www.nejavu.com/cart'.</msg>
<arg>https://www.nejavu.com/cart</arg>
<doc>Clicks a link identified by ``locator``.</doc>
<status status="PASS" start="2024-06-22T17:50:14.849492" elapsed="1.290999"/>
</kw>
<status status="PASS" start="2024-06-22T17:50:14.849492" elapsed="1.290999"/>
</kw>
<status status="PASS" start="2024-06-22T17:50:14.848466" elapsed="1.292025"/>
</test>
<test id="s1-t7" name="TC007 Verify Cart Contents" line="31">
<kw name="Verify Cart Contents">
<kw name="Wait Until Page Contains Element" owner="SeleniumLibrary">
<arg>xpath://body/main[1]/div[1]/div[3]/div[1]/div[1]/div[1]/div[2]</arg>
<doc>Waits until the element ``locator`` appears on the current page.</doc>
<status status="PASS" start="2024-06-22T17:50:16.141794" elapsed="0.006566"/>
</kw>
<kw name="Get WebElements" owner="SeleniumLibrary">
<msg time="2024-06-22T17:50:16.154340" level="INFO">@{cart_book_elements} = [ &lt;selenium.webdriver.remote.webelement.WebElement (session="21f40ee7c774a45039f683d74108212b", element="f.9063136A091FE99A17069B8322551606.d.8305574913FAEDF544376622530B420B.e.381")&gt; | &lt;selenium.webd...</msg>
<var>@{cart_book_elements}</var>
<arg>xpath://div[contains(@class, 'cart-item-detail')]/p/strong</arg>
<doc>Returns a list of WebElement objects matching the ``locator``.</doc>
<status status="PASS" start="2024-06-22T17:50:16.148360" elapsed="0.005980"/>
</kw>
<kw name="Create List" owner="BuiltIn">
<msg time="2024-06-22T17:50:16.154340" level="INFO">@{cart_book_names} = [ ]</msg>
<var>@{cart_book_names}</var>
<doc>Returns a list containing given items.</doc>
<status status="PASS" start="2024-06-22T17:50:16.154340" elapsed="0.000000"/>
</kw>
<kw name="Get Length" owner="BuiltIn">
<msg time="2024-06-22T17:50:16.155342" level="INFO">Length is 5.</msg>
<msg time="2024-06-22T17:50:16.155342" level="INFO">${element_count} = 5</msg>
<var>${element_count}</var>
<arg>${cart_book_elements}</arg>
<doc>Returns and logs the length of the given item as an integer.</doc>
<status status="PASS" start="2024-06-22T17:50:16.154340" elapsed="0.001002"/>
</kw>
<kw name="Log" owner="BuiltIn">
<msg time="2024-06-22T17:50:16.155342" level="INFO">Number of book elements found in cart: 5</msg>
<arg>Number of book elements found in cart: ${element_count}</arg>
<doc>Logs the given message with the given level.</doc>
<status status="PASS" start="2024-06-22T17:50:16.155342" elapsed="0.000000"/>
</kw>
<for flavor="IN">
<iter>
<kw name="Get Text" owner="SeleniumLibrary">
<msg time="2024-06-22T17:50:16.159839" level="INFO">${name} = ปฎิบัติการลับ บ้านโยซากุระ เล่ม 16</msg>
<var>${name}</var>
<arg>${element}</arg>
<doc>Returns the text value of the element identified by ``locator``.</doc>
<status status="PASS" start="2024-06-22T17:50:16.155342" elapsed="0.004497"/>
</kw>
<kw name="Strip String">
<kw name="Evaluate" owner="BuiltIn">
<msg time="2024-06-22T17:50:16.160417" level="INFO">${stripped_string} = ปฎิบัติการลับ บ้านโยซากุระ เล่ม 16</msg>
<var>${stripped_string}</var>
<arg>'${string}'.strip()</arg>
<doc>Evaluates the given expression in Python and returns the result.</doc>
<status status="PASS" start="2024-06-22T17:50:16.159839" elapsed="0.000578"/>
</kw>
<return>
<value>${stripped_string}</value>
<status status="PASS" start="2024-06-22T17:50:16.160417" elapsed="0.000000"/>
</return>
<msg time="2024-06-22T17:50:16.160417" level="INFO">${name} = ปฎิบัติการลับ บ้านโยซากุระ เล่ม 16</msg>
<var>${name}</var>
<arg>${name}</arg>
<status status="PASS" start="2024-06-22T17:50:16.159839" elapsed="0.000578"/>
</kw>
<kw name="Append To List" owner="Collections">
<arg>${cart_book_names}</arg>
<arg>${name}</arg>
<doc>Adds ``values`` to the end of ``list``.</doc>
<status status="PASS" start="2024-06-22T17:50:16.160832" elapsed="0.000000"/>
</kw>
<kw name="Log" owner="BuiltIn">
<msg time="2024-06-22T17:50:16.161331" level="INFO">Found book in cart: ปฎิบัติการลับ บ้านโยซากุระ เล่ม 16</msg>
<arg>Found book in cart: ${name}</arg>
<doc>Logs the given message with the given level.</doc>
<status status="PASS" start="2024-06-22T17:50:16.160832" elapsed="0.000499"/>
</kw>
<var name="${element}">&lt;selenium.webdriver.remote.webelement.WebElement (session="21f40ee7c774a45039f683d74108212b", element="f.9063136A091FE99A17069B8322551606.d.8305574913FAEDF544376622530B420B.e.381")&gt;</var>
<status status="PASS" start="2024-06-22T17:50:16.155342" elapsed="0.005989"/>
</iter>
<iter>
<kw name="Get Text" owner="SeleniumLibrary">
<msg time="2024-06-22T17:50:16.166396" level="INFO">${name} = ปฎิบัติการลับ บ้านโยซากุระ เล่ม 15</msg>
<var>${name}</var>
<arg>${element}</arg>
<doc>Returns the text value of the element identified by ``locator``.</doc>
<status status="PASS" start="2024-06-22T17:50:16.161331" elapsed="0.005065"/>
</kw>
<kw name="Strip String">
<kw name="Evaluate" owner="BuiltIn">
<msg time="2024-06-22T17:50:16.166893" level="INFO">${stripped_string} = ปฎิบัติการลับ บ้านโยซากุระ เล่ม 15</msg>
<var>${stripped_string}</var>
<arg>'${string}'.strip()</arg>
<doc>Evaluates the given expression in Python and returns the result.</doc>
<status status="PASS" start="2024-06-22T17:50:16.166893" elapsed="0.000000"/>
</kw>
<return>
<value>${stripped_string}</value>
<status status="PASS" start="2024-06-22T17:50:16.167390" elapsed="0.000000"/>
</return>
<msg time="2024-06-22T17:50:16.167390" level="INFO">${name} = ปฎิบัติการลับ บ้านโยซากุระ เล่ม 15</msg>
<var>${name}</var>
<arg>${name}</arg>
<status status="PASS" start="2024-06-22T17:50:16.166893" elapsed="0.000497"/>
</kw>
<kw name="Append To List" owner="Collections">
<arg>${cart_book_names}</arg>
<arg>${name}</arg>
<doc>Adds ``values`` to the end of ``list``.</doc>
<status status="PASS" start="2024-06-22T17:50:16.167390" elapsed="0.000000"/>
</kw>
<kw name="Log" owner="BuiltIn">
<msg time="2024-06-22T17:50:16.167390" level="INFO">Found book in cart: ปฎิบัติการลับ บ้านโยซากุระ เล่ม 15</msg>
<arg>Found book in cart: ${name}</arg>
<doc>Logs the given message with the given level.</doc>
<status status="PASS" start="2024-06-22T17:50:16.167390" elapsed="0.000000"/>
</kw>
<var name="${element}">&lt;selenium.webdriver.remote.webelement.WebElement (session="21f40ee7c774a45039f683d74108212b", element="f.9063136A091FE99A17069B8322551606.d.8305574913FAEDF544376622530B420B.e.382")&gt;</var>
<status status="PASS" start="2024-06-22T17:50:16.161331" elapsed="0.006059"/>
</iter>
<iter>
<kw name="Get Text" owner="SeleniumLibrary">
<msg time="2024-06-22T17:50:16.172873" level="INFO">${name} = PERSONA4 เพอร์โซนา 4 เล่ม 1</msg>
<var>${name}</var>
<arg>${element}</arg>
<doc>Returns the text value of the element identified by ``locator``.</doc>
<status status="PASS" start="2024-06-22T17:50:16.167887" elapsed="0.004986"/>
</kw>
<kw name="Strip String">
<kw name="Evaluate" owner="BuiltIn">
<msg time="2024-06-22T17:50:16.173370" level="INFO">${stripped_string} = PERSONA4 เพอร์โซนา 4 เล่ม 1</msg>
<var>${stripped_string}</var>
<arg>'${string}'.strip()</arg>
<doc>Evaluates the given expression in Python and returns the result.</doc>
<status status="PASS" start="2024-06-22T17:50:16.173370" elapsed="0.000000"/>
</kw>
<return>
<value>${stripped_string}</value>
<status status="PASS" start="2024-06-22T17:50:16.173370" elapsed="0.000000"/>
</return>
<msg time="2024-06-22T17:50:16.173370" level="INFO">${name} = PERSONA4 เพอร์โซนา 4 เล่ม 1</msg>
<var>${name}</var>
<arg>${name}</arg>
<status status="PASS" start="2024-06-22T17:50:16.172873" elapsed="0.000994"/>
</kw>
<kw name="Append To List" owner="Collections">
<arg>${cart_book_names}</arg>
<arg>${name}</arg>
<doc>Adds ``values`` to the end of ``list``.</doc>
<status status="PASS" start="2024-06-22T17:50:16.173867" elapsed="0.000000"/>
</kw>
<kw name="Log" owner="BuiltIn">
<msg time="2024-06-22T17:50:16.173867" level="INFO">Found book in cart: PERSONA4 เพอร์โซนา 4 เล่ม 1</msg>
<arg>Found book in cart: ${name}</arg>
<doc>Logs the given message with the given level.</doc>
<status status="PASS" start="2024-06-22T17:50:16.173867" elapsed="0.000000"/>
</kw>
<var name="${element}">&lt;selenium.webdriver.remote.webelement.WebElement (session="21f40ee7c774a45039f683d74108212b", element="f.9063136A091FE99A17069B8322551606.d.8305574913FAEDF544376622530B420B.e.383")&gt;</var>
<status status="PASS" start="2024-06-22T17:50:16.167887" elapsed="0.005980"/>
</iter>
<iter>
<kw name="Get Text" owner="SeleniumLibrary">
<msg time="2024-06-22T17:50:16.178541" level="INFO">${name} = เสียงหัวใจของฉัน 「มีแค่เธอนั้นที่รู้」เล่ม 9</msg>
<var>${name}</var>
<arg>${element}</arg>
<doc>Returns the text value of the element identified by ``locator``.</doc>
<status status="PASS" start="2024-06-22T17:50:16.174363" elapsed="0.004178"/>
</kw>
<kw name="Strip String">
<kw name="Evaluate" owner="BuiltIn">
<msg time="2024-06-22T17:50:16.179542" level="INFO">${stripped_string} = เสียงหัวใจของฉัน 「มีแค่เธอนั้นที่รู้」เล่ม 9</msg>
<var>${stripped_string}</var>
<arg>'${string}'.strip()</arg>
<doc>Evaluates the given expression in Python and returns the result.</doc>
<status status="PASS" start="2024-06-22T17:50:16.178541" elapsed="0.001001"/>
</kw>
<return>
<value>${stripped_string}</value>
<status status="PASS" start="2024-06-22T17:50:16.179542" elapsed="0.000000"/>
</return>
<msg time="2024-06-22T17:50:16.179542" level="INFO">${name} = เสียงหัวใจของฉัน 「มีแค่เธอนั้นที่รู้」เล่ม 9</msg>
<var>${name}</var>
<arg>${name}</arg>
<status status="PASS" start="2024-06-22T17:50:16.178541" elapsed="0.001001"/>
</kw>
<kw name="Append To List" owner="Collections">
<arg>${cart_book_names}</arg>
<arg>${name}</arg>
<doc>Adds ``values`` to the end of ``list``.</doc>
<status status="PASS" start="2024-06-22T17:50:16.179542" elapsed="0.000000"/>
</kw>
<kw name="Log" owner="BuiltIn">
<msg time="2024-06-22T17:50:16.180048" level="INFO">Found book in cart: เสียงหัวใจของฉัน 「มีแค่เธอนั้นที่รู้」เล่ม 9</msg>
<arg>Found book in cart: ${name}</arg>
<doc>Logs the given message with the given level.</doc>
<status status="PASS" start="2024-06-22T17:50:16.180048" elapsed="0.000000"/>
</kw>
<var name="${element}">&lt;selenium.webdriver.remote.webelement.WebElement (session="21f40ee7c774a45039f683d74108212b", element="f.9063136A091FE99A17069B8322551606.d.8305574913FAEDF544376622530B420B.e.384")&gt;</var>
<status status="PASS" start="2024-06-22T17:50:16.174363" elapsed="0.005685"/>
</iter>
<iter>
<kw name="Get Text" owner="SeleniumLibrary">
<msg time="2024-06-22T17:50:16.184807" level="INFO">${name} = New Prince of Tennis ภาค 2 เล่ม 27</msg>
<var>${name}</var>
<arg>${element}</arg>
<doc>Returns the text value of the element identified by ``locator``.</doc>
<status status="PASS" start="2024-06-22T17:50:16.180048" elapsed="0.004759"/>
</kw>
<kw name="Strip String">
<kw name="Evaluate" owner="BuiltIn">
<msg time="2024-06-22T17:50:16.185303" level="INFO">${stripped_string} = New Prince of Tennis ภาค 2 เล่ม 27</msg>
<var>${stripped_string}</var>
<arg>'${string}'.strip()</arg>
<doc>Evaluates the given expression in Python and returns the result.</doc>
<status status="PASS" start="2024-06-22T17:50:16.185303" elapsed="0.000000"/>
</kw>
<return>
<value>${stripped_string}</value>
<status status="PASS" start="2024-06-22T17:50:16.185303" elapsed="0.000000"/>
</return>
<msg time="2024-06-22T17:50:16.185303" level="INFO">${name} = New Prince of Tennis ภาค 2 เล่ม 27</msg>
<var>${name}</var>
<arg>${name}</arg>
<status status="PASS" start="2024-06-22T17:50:16.184807" elapsed="0.000496"/>
</kw>
<kw name="Append To List" owner="Collections">
<arg>${cart_book_names}</arg>
<arg>${name}</arg>
<doc>Adds ``values`` to the end of ``list``.</doc>
<status status="PASS" start="2024-06-22T17:50:16.185303" elapsed="0.000000"/>
</kw>
<kw name="Log" owner="BuiltIn">
<msg time="2024-06-22T17:50:16.186305" level="INFO">Found book in cart: New Prince of Tennis ภาค 2 เล่ม 27</msg>
<arg>Found book in cart: ${name}</arg>
<doc>Logs the given message with the given level.</doc>
<status status="PASS" start="2024-06-22T17:50:16.185303" elapsed="0.001002"/>
</kw>
<var name="${element}">&lt;selenium.webdriver.remote.webelement.WebElement (session="21f40ee7c774a45039f683d74108212b", element="f.9063136A091FE99A17069B8322551606.d.8305574913FAEDF544376622530B420B.e.385")&gt;</var>
<status status="PASS" start="2024-06-22T17:50:16.180048" elapsed="0.006257"/>
</iter>
<var>${element}</var>
<value>@{cart_book_elements}</value>
<status status="PASS" start="2024-06-22T17:50:16.155342" elapsed="0.030963"/>
</for>
<kw name="Log" owner="BuiltIn">
<msg time="2024-06-22T17:50:16.186305" level="INFO">All books in cart: ['ปฎิบัติการลับ บ้านโยซากุระ เล่ม 16', 'ปฎิบัติการลับ บ้านโยซากุระ เล่ม 15', 'PERSONA4 เพอร์โซนา 4 เล่ม 1', 'เสียงหัวใจของฉัน 「มีแค่เธอนั้นที่รู้」เล่ม 9', 'New Prince of Tennis ภาค 2 เล่ม 27']</msg>
<arg>All books in cart: ${cart_book_names}</arg>
<doc>Logs the given message with the given level.</doc>
<status status="PASS" start="2024-06-22T17:50:16.186305" elapsed="0.000000"/>
</kw>
<kw name="Log" owner="BuiltIn">
<msg time="2024-06-22T17:50:16.186808" level="INFO">Expected books: ['ปฎิบัติการลับ บ้านโยซากุระ เล่ม 16', 'ปฎิบัติการลับ บ้านโยซากุระ เล่ม 15', 'PERSONA4 เพอร์โซนา 4 เล่ม 1', 'เสียงหัวใจของฉัน 「มีแค่เธอนั้นที่รู้」เล่ม 9', 'New Prince of Tennis ภาค 2 เล่ม 27']</msg>
<arg>Expected books: ${expected_books}</arg>
<doc>Logs the given message with the given level.</doc>
<status status="PASS" start="2024-06-22T17:50:16.186305" elapsed="0.000503"/>
</kw>
<kw name="Lists Should Be Equal" owner="Collections">
<msg time="2024-06-22T17:50:16.186808" level="INFO">False</msg>
<arg>${cart_book_names}</arg>
<arg>${expected_books}</arg>
<doc>Fails if given lists are unequal.</doc>
<status status="PASS" start="2024-06-22T17:50:16.186808" elapsed="0.000000"/>
</kw>
<arg>${book_names}</arg>
<status status="PASS" start="2024-06-22T17:50:16.141794" elapsed="0.045014"/>
</kw>
<status status="PASS" start="2024-06-22T17:50:16.141297" elapsed="0.045511"/>
</test>
<test id="s1-t8" name="TC008 Delete All Books From Cart" line="34">
<kw name="Delete All Books From Cart">
<kw name="Run Keyword And Return Status" owner="BuiltIn">
<kw name="Page Should Contain Element" owner="SeleniumLibrary">
<msg time="2024-06-22T17:50:16.194826" level="INFO">Current page contains element 'xpath://body/main[1]/div[1]/div[3]/div[1]/div[1]/div[1]/div[2]/div[2]/div[5]/a[1]'.</msg>
<arg>xpath://body/main[1]/div[1]/div[3]/div[1]/div[1]/div[1]/div[2]/div[2]/div[5]/a[1]</arg>
<doc>Verifies that element ``locator`` is found on the current page.</doc>
<status status="PASS" start="2024-06-22T17:50:16.187802" elapsed="0.007024"/>
</kw>
<msg time="2024-06-22T17:50:16.194826" level="INFO">${delete_button_exists} = True</msg>
<var>${delete_button_exists}</var>
<arg>Page Should Contain Element</arg>
<arg>xpath://body/main[1]/div[1]/div[3]/div[1]/div[1]/div[1]/div[2]/div[2]/div[5]/a[1]</arg>
<doc>Runs the given keyword with given arguments and returns the status as a Boolean value.</doc>
<status status="PASS" start="2024-06-22T17:50:16.187802" elapsed="0.007024"/>
</kw>
<while condition="${delete_button_exists}">
<iter>
<kw name="Click Element" owner="SeleniumLibrary">
<msg time="2024-06-22T17:50:16.195323" level="INFO">Clicking element 'xpath://body/main[1]/div[1]/div[3]/div[1]/div[1]/div[1]/div[2]/div[2]/div[5]/a[1]'.</msg>
<arg>xpath://body/main[1]/div[1]/div[3]/div[1]/div[1]/div[1]/div[2]/div[2]/div[5]/a[1]</arg>
<doc>Click the element identified by ``locator``.</doc>
<status status="PASS" start="2024-06-22T17:50:16.195323" elapsed="0.031618"/>
</kw>
<kw name="Wait Until Element Is Visible" owner="SeleniumLibrary">
<arg>xpath://button[contains(text(),'ใช่ ลบรายการ')]</arg>
<doc>Waits until the element ``locator`` is visible.</doc>
<status status="PASS" start="2024-06-22T17:50:16.226941" elapsed="0.223343"/>
</kw>
<kw name="Click Element" owner="SeleniumLibrary">
<msg time="2024-06-22T17:50:16.450284" level="INFO">Clicking element 'xpath://button[contains(text(),'ใช่ ลบรายการ')]'.</msg>
<arg>xpath://button[contains(text(),'ใช่ ลบรายการ')]</arg>
<doc>Click the element identified by ``locator``.</doc>
<status status="PASS" start="2024-06-22T17:50:16.450284" elapsed="0.030202"/>
</kw>
<kw name="Sleep" owner="BuiltIn">
<msg time="2024-06-22T17:50:17.480735" level="INFO">Slept 1 second.</msg>
<arg>1s</arg>
<doc>Pauses the test executed for the given time.</doc>
<status status="PASS" start="2024-06-22T17:50:16.480486" elapsed="1.000249"/>
</kw>
<kw name="Run Keyword And Return Status" owner="BuiltIn">
<kw name="Page Should Contain Element" owner="SeleniumLibrary">
<msg time="2024-06-22T17:50:17.487717" level="INFO">Current page contains element 'xpath://body/main[1]/div[1]/div[3]/div[1]/div[1]/div[1]/div[2]/div[2]/div[5]/a[1]'.</msg>
<arg>xpath://body/main[1]/div[1]/div[3]/div[1]/div[1]/div[1]/div[2]/div[2]/div[5]/a[1]</arg>
<doc>Verifies that element ``locator`` is found on the current page.</doc>
<status status="PASS" start="2024-06-22T17:50:17.481745" elapsed="0.005972"/>
</kw>
<msg time="2024-06-22T17:50:17.488214" level="INFO">${delete_button_exists} = True</msg>
<var>${delete_button_exists}</var>
<arg>Page Should Contain Element</arg>
<arg>xpath://body/main[1]/div[1]/div[3]/div[1]/div[1]/div[1]/div[2]/div[2]/div[5]/a[1]</arg>
<doc>Runs the given keyword with given arguments and returns the status as a Boolean value.</doc>
<status status="PASS" start="2024-06-22T17:50:17.481250" elapsed="0.006964"/>
</kw>
<status status="PASS" start="2024-06-22T17:50:16.194826" elapsed="1.293388"/>
</iter>
<iter>
<kw name="Click Element" owner="SeleniumLibrary">
<msg time="2024-06-22T17:50:17.488214" level="INFO">Clicking element 'xpath://body/main[1]/div[1]/div[3]/div[1]/div[1]/div[1]/div[2]/div[2]/div[5]/a[1]'.</msg>
<arg>xpath://body/main[1]/div[1]/div[3]/div[1]/div[1]/div[1]/div[2]/div[2]/div[5]/a[1]</arg>
<doc>Click the element identified by ``locator``.</doc>
<status status="PASS" start="2024-06-22T17:50:17.488214" elapsed="0.024695"/>
</kw>
<kw name="Wait Until Element Is Visible" owner="SeleniumLibrary">
<arg>xpath://button[contains(text(),'ใช่ ลบรายการ')]</arg>
<doc>Waits until the element ``locator`` is visible.</doc>
<status status="PASS" start="2024-06-22T17:50:17.512909" elapsed="0.213660"/>
</kw>
<kw name="Click Element" owner="SeleniumLibrary">
<msg time="2024-06-22T17:50:17.727065" level="INFO">Clicking element 'xpath://button[contains(text(),'ใช่ ลบรายการ')]'.</msg>
<arg>xpath://button[contains(text(),'ใช่ ลบรายการ')]</arg>
<doc>Click the element identified by ``locator``.</doc>
<status status="PASS" start="2024-06-22T17:50:17.726569" elapsed="0.029373"/>
</kw>
<kw name="Sleep" owner="BuiltIn">
<msg time="2024-06-22T17:50:18.756580" level="INFO">Slept 1 second.</msg>
<arg>1s</arg>
<doc>Pauses the test executed for the given time.</doc>
<status status="PASS" start="2024-06-22T17:50:17.755942" elapsed="1.000638"/>
</kw>
<kw name="Run Keyword And Return Status" owner="BuiltIn">
<kw name="Page Should Contain Element" owner="SeleniumLibrary">
<msg time="2024-06-22T17:50:18.763061" level="INFO">Current page contains element 'xpath://body/main[1]/div[1]/div[3]/div[1]/div[1]/div[1]/div[2]/div[2]/div[5]/a[1]'.</msg>
<arg>xpath://body/main[1]/div[1]/div[3]/div[1]/div[1]/div[1]/div[2]/div[2]/div[5]/a[1]</arg>
<doc>Verifies that element ``locator`` is found on the current page.</doc>
<status status="PASS" start="2024-06-22T17:50:18.757076" elapsed="0.005985"/>
</kw>
<msg time="2024-06-22T17:50:18.763061" level="INFO">${delete_button_exists} = True</msg>
<var>${delete_button_exists}</var>
<arg>Page Should Contain Element</arg>
<arg>xpath://body/main[1]/div[1]/div[3]/div[1]/div[1]/div[1]/div[2]/div[2]/div[5]/a[1]</arg>
<doc>Runs the given keyword with given arguments and returns the status as a Boolean value.</doc>
<status status="PASS" start="2024-06-22T17:50:18.757076" elapsed="0.005985"/>
</kw>
<status status="PASS" start="2024-06-22T17:50:17.488214" elapsed="1.274847"/>
</iter>
<iter>
<kw name="Click Element" owner="SeleniumLibrary">
<msg time="2024-06-22T17:50:18.763558" level="INFO">Clicking element 'xpath://body/main[1]/div[1]/div[3]/div[1]/div[1]/div[1]/div[2]/div[2]/div[5]/a[1]'.</msg>
<arg>xpath://body/main[1]/div[1]/div[3]/div[1]/div[1]/div[1]/div[2]/div[2]/div[5]/a[1]</arg>
<doc>Click the element identified by ``locator``.</doc>
<status status="PASS" start="2024-06-22T17:50:18.763558" elapsed="0.024742"/>
</kw>
<kw name="Wait Until Element Is Visible" owner="SeleniumLibrary">
<arg>xpath://button[contains(text(),'ใช่ ลบรายการ')]</arg>
<doc>Waits until the element ``locator`` is visible.</doc>
<status status="PASS" start="2024-06-22T17:50:18.788300" elapsed="0.212776"/>
</kw>
<kw name="Click Element" owner="SeleniumLibrary">
<msg time="2024-06-22T17:50:19.001572" level="INFO">Clicking element 'xpath://button[contains(text(),'ใช่ ลบรายการ')]'.</msg>
<arg>xpath://button[contains(text(),'ใช่ ลบรายการ')]</arg>
<doc>Click the element identified by ``locator``.</doc>
<status status="PASS" start="2024-06-22T17:50:19.001572" elapsed="0.030277"/>
</kw>
<kw name="Sleep" owner="BuiltIn">
<msg time="2024-06-22T17:50:20.031995" level="INFO">Slept 1 second.</msg>
<arg>1s</arg>
<doc>Pauses the test executed for the given time.</doc>
<status status="PASS" start="2024-06-22T17:50:19.031849" elapsed="1.000146"/>
</kw>
<kw name="Run Keyword And Return Status" owner="BuiltIn">
<kw name="Page Should Contain Element" owner="SeleniumLibrary">
<msg time="2024-06-22T17:50:20.040854" level="INFO">Current page contains element 'xpath://body/main[1]/div[1]/div[3]/div[1]/div[1]/div[1]/div[2]/div[2]/div[5]/a[1]'.</msg>
<arg>xpath://body/main[1]/div[1]/div[3]/div[1]/div[1]/div[1]/div[2]/div[2]/div[5]/a[1]</arg>
<doc>Verifies that element ``locator`` is found on the current page.</doc>
<status status="PASS" start="2024-06-22T17:50:20.033018" elapsed="0.007836"/>
</kw>
<msg time="2024-06-22T17:50:20.040854" level="INFO">${delete_button_exists} = True</msg>
<var>${delete_button_exists}</var>
<arg>Page Should Contain Element</arg>
<arg>xpath://body/main[1]/div[1]/div[3]/div[1]/div[1]/div[1]/div[2]/div[2]/div[5]/a[1]</arg>
<doc>Runs the given keyword with given arguments and returns the status as a Boolean value.</doc>
<status status="PASS" start="2024-06-22T17:50:20.031995" elapsed="0.008859"/>
</kw>
<status status="PASS" start="2024-06-22T17:50:18.763558" elapsed="1.277296"/>
</iter>
<iter>
<kw name="Click Element" owner="SeleniumLibrary">
<msg time="2024-06-22T17:50:20.041351" level="INFO">Clicking element 'xpath://body/main[1]/div[1]/div[3]/div[1]/div[1]/div[1]/div[2]/div[2]/div[5]/a[1]'.</msg>
<arg>xpath://body/main[1]/div[1]/div[3]/div[1]/div[1]/div[1]/div[2]/div[2]/div[5]/a[1]</arg>
<doc>Click the element identified by ``locator``.</doc>
<status status="PASS" start="2024-06-22T17:50:20.041351" elapsed="0.021437"/>
</kw>
<kw name="Wait Until Element Is Visible" owner="SeleniumLibrary">
<arg>xpath://button[contains(text(),'ใช่ ลบรายการ')]</arg>
<doc>Waits until the element ``locator`` is visible.</doc>
<status status="PASS" start="2024-06-22T17:50:20.062788" elapsed="0.222456"/>
</kw>
<kw name="Click Element" owner="SeleniumLibrary">
<msg time="2024-06-22T17:50:20.285742" level="INFO">Clicking element 'xpath://button[contains(text(),'ใช่ ลบรายการ')]'.</msg>
<arg>xpath://button[contains(text(),'ใช่ ลบรายการ')]</arg>
<doc>Click the element identified by ``locator``.</doc>
<status status="PASS" start="2024-06-22T17:50:20.285244" elapsed="0.027003"/>
</kw>
<kw name="Sleep" owner="BuiltIn">
<msg time="2024-06-22T17:50:21.313203" level="INFO">Slept 1 second.</msg>
<arg>1s</arg>
<doc>Pauses the test executed for the given time.</doc>
<status status="PASS" start="2024-06-22T17:50:20.312750" elapsed="1.000453"/>
</kw>
<kw name="Run Keyword And Return Status" owner="BuiltIn">
<kw name="Page Should Contain Element" owner="SeleniumLibrary">
<msg time="2024-06-22T17:50:21.321796" level="INFO">Current page contains element 'xpath://body/main[1]/div[1]/div[3]/div[1]/div[1]/div[1]/div[2]/div[2]/div[5]/a[1]'.</msg>
<arg>xpath://body/main[1]/div[1]/div[3]/div[1]/div[1]/div[1]/div[2]/div[2]/div[5]/a[1]</arg>
<doc>Verifies that element ``locator`` is found on the current page.</doc>
<status status="PASS" start="2024-06-22T17:50:21.313724" elapsed="0.008072"/>
</kw>
<msg time="2024-06-22T17:50:21.321796" level="INFO">${delete_button_exists} = True</msg>
<var>${delete_button_exists}</var>
<arg>Page Should Contain Element</arg>
<arg>xpath://body/main[1]/div[1]/div[3]/div[1]/div[1]/div[1]/div[2]/div[2]/div[5]/a[1]</arg>
<doc>Runs the given keyword with given arguments and returns the status as a Boolean value.</doc>
<status status="PASS" start="2024-06-22T17:50:21.313203" elapsed="0.008593"/>
</kw>
<status status="PASS" start="2024-06-22T17:50:20.040854" elapsed="1.280942"/>
</iter>
<iter>
<kw name="Click Element" owner="SeleniumLibrary">
<msg time="2024-06-22T17:50:21.322292" level="INFO">Clicking element 'xpath://body/main[1]/div[1]/div[3]/div[1]/div[1]/div[1]/div[2]/div[2]/div[5]/a[1]'.</msg>
<arg>xpath://body/main[1]/div[1]/div[3]/div[1]/div[1]/div[1]/div[2]/div[2]/div[5]/a[1]</arg>
<doc>Click the element identified by ``locator``.</doc>
<status status="PASS" start="2024-06-22T17:50:21.322292" elapsed="0.026096"/>
</kw>
<kw name="Wait Until Element Is Visible" owner="SeleniumLibrary">
<arg>xpath://button[contains(text(),'ใช่ ลบรายการ')]</arg>
<doc>Waits until the element ``locator`` is visible.</doc>
<status status="PASS" start="2024-06-22T17:50:21.348891" elapsed="0.222000"/>
</kw>
<kw name="Click Element" owner="SeleniumLibrary">
<msg time="2024-06-22T17:50:21.570891" level="INFO">Clicking element 'xpath://button[contains(text(),'ใช่ ลบรายการ')]'.</msg>
<arg>xpath://button[contains(text(),'ใช่ ลบรายการ')]</arg>
<doc>Click the element identified by ``locator``.</doc>
<status status="PASS" start="2024-06-22T17:50:21.570891" elapsed="0.027430"/>
</kw>
<kw name="Sleep" owner="BuiltIn">
<msg time="2024-06-22T17:50:22.598704" level="INFO">Slept 1 second.</msg>
<arg>1s</arg>
<doc>Pauses the test executed for the given time.</doc>
<status status="PASS" start="2024-06-22T17:50:21.598321" elapsed="1.000383"/>
</kw>
<kw name="Run Keyword And Return Status" owner="BuiltIn">
<kw name="Page Should Contain Element" owner="SeleniumLibrary">
<msg time="2024-06-22T17:50:22.681986" level="INFO" html="true">&lt;/td&gt;&lt;/tr&gt;&lt;tr&gt;&lt;td colspan="3"&gt;&lt;a href="selenium-screenshot-2.png"&gt;&lt;img src="selenium-screenshot-2.png" width="800px"&gt;&lt;/a&gt;</msg>
<msg time="2024-06-22T17:50:22.681986" level="FAIL">Page should have contained element 'xpath://body/main[1]/div[1]/div[3]/div[1]/div[1]/div[1]/div[2]/div[2]/div[5]/a[1]' but did not.</msg>
<arg>xpath://body/main[1]/div[1]/div[3]/div[1]/div[1]/div[1]/div[2]/div[2]/div[5]/a[1]</arg>
<doc>Verifies that element ``locator`` is found on the current page.</doc>
<status status="FAIL" start="2024-06-22T17:50:22.600087" elapsed="0.082893">Page should have contained element 'xpath://body/main[1]/div[1]/div[3]/div[1]/div[1]/div[1]/div[2]/div[2]/div[5]/a[1]' but did not.</status>
</kw>
<msg time="2024-06-22T17:50:22.682980" level="INFO">${delete_button_exists} = False</msg>
<var>${delete_button_exists}</var>
<arg>Page Should Contain Element</arg>
<arg>xpath://body/main[1]/div[1]/div[3]/div[1]/div[1]/div[1]/div[2]/div[2]/div[5]/a[1]</arg>
<doc>Runs the given keyword with given arguments and returns the status as a Boolean value.</doc>
<status status="PASS" start="2024-06-22T17:50:22.599202" elapsed="0.084274"/>
</kw>
<status status="PASS" start="2024-06-22T17:50:21.321796" elapsed="1.361680"/>
</iter>
<status status="PASS" start="2024-06-22T17:50:16.194826" elapsed="6.488650"/>
</while>
<kw name="Log" owner="BuiltIn">
<msg time="2024-06-22T17:50:22.683476" level="INFO">Finished deleting all books from cart</msg>
<arg>Finished deleting all books from cart</arg>
<doc>Logs the given message with the given level.</doc>
<status status="PASS" start="2024-06-22T17:50:22.683476" elapsed="0.000000"/>
</kw>
<status status="PASS" start="2024-06-22T17:50:16.187802" elapsed="6.495674"/>
</kw>
<status status="PASS" start="2024-06-22T17:50:16.187305" elapsed="6.496668"/>
</test>
<test id="s1-t9" name="TC009 Verify Cart Badge Is Zero" line="37">
<kw name="Verify Cart Badge Is Zero">
<kw name="Get Text" owner="SeleniumLibrary">
<msg time="2024-06-22T17:50:22.692953" level="INFO">${badge_text} = 0</msg>
<var>${badge_text}</var>
<arg>xpath://div[@id='badge-cart']</arg>
<doc>Returns the text value of the element identified by ``locator``.</doc>
<status status="PASS" start="2024-06-22T17:50:22.684470" elapsed="0.008483"/>
</kw>
<kw name="Should Be Equal As Strings" owner="BuiltIn">
<arg>${badge_text}</arg>
<arg>0</arg>
<doc>Fails if objects are unequal after converting them to strings.</doc>
<status status="PASS" start="2024-06-22T17:50:22.692953" elapsed="0.000000"/>
</kw>
<status status="PASS" start="2024-06-22T17:50:22.684470" elapsed="0.008483"/>
</kw>
<kw name="Close Browser" owner="SeleniumLibrary" type="TEARDOWN">
<doc>Closes the current browser.</doc>
<status status="PASS" start="2024-06-22T17:50:22.694065" elapsed="2.147948"/>
</kw>
<status status="PASS" start="2024-06-22T17:50:22.683973" elapsed="2.158040"/>
</test>
<status status="PASS" start="2024-06-22T17:49:55.873579" elapsed="28.969595"/>
</suite>
<statistics>
<total>
<stat pass="9" fail="0" skip="0">All Tests</stat>
</total>
<tag>
</tag>
<suite>
<stat pass="9" fail="0" skip="0" id="s1" name="Nejavu">Nejavu</stat>
</suite>
</statistics>
<errors>
<msg time="2024-06-22T17:49:55.868975" level="WARN">Error in file 'C:\Users\aimai\OneDrive\Desktop\aimluffy_test\QA-Engineer-Testing-Bhuranasak\testcase\nejavu.robot' on line 74: The '[Return]' setting is deprecated. Use the 'RETURN' statement instead.</msg>
<msg time="2024-06-22T17:49:55.869478" level="WARN">Error in file 'C:\Users\aimai\OneDrive\Desktop\aimluffy_test\QA-Engineer-Testing-Bhuranasak\testcase\nejavu.robot' on line 79: The '[Return]' setting is deprecated. Use the 'RETURN' statement instead.</msg>
</errors>
</robot>
