<?xml version="1.0" encoding="UTF-8"?>
<robot generator="Robot 7.0 (Python 3.11.3 on win32)" generated="2024-06-26T05:22:36.429963" rpa="false" schemaversion="5">
<suite id="s1" name="Nejavu" source="C:\Users\aimai\OneDrive\Desktop\aimluffy_test\QA-Engineer-Testing-Bhuranasak\testcase\nejavu.robot">
<test id="s1-t1" name="TC001 Open Browser To Nejavu" line="14">
<kw name="Open Browser To Nejavu" owner="resources">
<kw name="Open Browser" owner="SeleniumLibrary">
<msg time="2024-06-26T05:22:36.563279" level="INFO">Opening browser 'Chrome' to base url 'https://www.nejavu.com'.</msg>
<arg>${URL}</arg>
<arg>${BROWSER}</arg>
<doc>Opens a new browser instance to the optional ``url``.</doc>
<status status="PASS" start="2024-06-26T05:22:36.562781" elapsed="4.093193"/>
</kw>
<kw name="Maximize Browser Window" owner="SeleniumLibrary">
<doc>Maximizes current browser window.</doc>
<status status="PASS" start="2024-06-26T05:22:40.656470" elapsed="0.032863"/>
</kw>
<status status="PASS" start="2024-06-26T05:22:36.562283" elapsed="4.127050"/>
</kw>
<status status="PASS" start="2024-06-26T05:22:36.561281" elapsed="4.128052"/>
</test>
<test id="s1-t2" name="TC002 Close Banner If Present" line="17">
<kw name="Close Banner If Present" owner="resources">
<kw name="Run Keyword And Return Status" owner="BuiltIn">
<kw name="Wait Until Element Is Visible" owner="SeleniumLibrary">
<arg>xpath://body/main[1]/div[2]/div[1]/div[1]/a[1]/img[1]</arg>
<arg>timeout=10s</arg>
<doc>Waits until the element ``locator`` is visible.</doc>
<status status="PASS" start="2024-06-26T05:22:40.690823" elapsed="0.083915"/>
</kw>
<msg time="2024-06-26T05:22:40.775234" level="INFO">${banner_present} = True</msg>
<var>${banner_present}</var>
<arg>Wait Until Element Is Visible</arg>
<arg>xpath://body/main[1]/div[2]/div[1]/div[1]/a[1]/img[1]</arg>
<arg>timeout=10s</arg>
<doc>Runs the given keyword with given arguments and returns the status as a Boolean value.</doc>
<status status="PASS" start="2024-06-26T05:22:40.690823" elapsed="0.084411"/>
</kw>
<kw name="Run Keyword If" owner="BuiltIn">
<kw name="Click Element" owner="SeleniumLibrary">
<msg time="2024-06-26T05:22:40.775731" level="INFO">Clicking element 'xpath://body/main[1]/div[2]/div[1]/a[1]'.</msg>
<arg>xpath://body/main[1]/div[2]/div[1]/a[1]</arg>
<doc>Click the element identified by ``locator``.</doc>
<status status="PASS" start="2024-06-26T05:22:40.775731" elapsed="0.076530"/>
</kw>
<arg>${banner_present}</arg>
<arg>Click Element</arg>
<arg>xpath://body/main[1]/div[2]/div[1]/a[1]</arg>
<doc>Runs the given keyword with the given arguments, if ``condition`` is true.</doc>
<status status="PASS" start="2024-06-26T05:22:40.775234" elapsed="0.077027"/>
</kw>
<status status="PASS" start="2024-06-26T05:22:40.690326" elapsed="0.161935"/>
</kw>
<kw name="Sleep" owner="BuiltIn">
<msg time="2024-06-26T05:22:41.853222" level="INFO">Slept 1 second.</msg>
<arg>1s</arg>
<doc>Pauses the test executed for the given time.</doc>
<status status="PASS" start="2024-06-26T05:22:40.852771" elapsed="1.000451"/>
</kw>
<status status="PASS" start="2024-06-26T05:22:40.690326" elapsed="1.163906"/>
</test>
<test id="s1-t3" name="TC003 Navigate To Cartoons Page" line="22">
<kw name="Navigate To Cartoons Page" owner="resources">
<kw name="Click Link" owner="SeleniumLibrary">
<msg time="2024-06-26T05:22:41.856716" level="INFO">Clicking link 'https://www.nejavu.com/cartoon'.</msg>
<arg>https://www.nejavu.com/cartoon</arg>
<doc>Clicks a link identified by ``locator``.</doc>
<status status="PASS" start="2024-06-26T05:22:41.856716" elapsed="1.865576"/>
</kw>
<kw name="Accept Cookie Banner If Present" owner="resources">
<kw name="Run Keyword And Return Status" owner="BuiltIn">
<kw name="Element Should Be Visible" owner="SeleniumLibrary">
<msg time="2024-06-26T05:22:43.739281" level="INFO">Element 'xpath://div[contains(@class, 'cookie-policy') and contains(@class, 'show')]' is displayed.</msg>
<arg>xpath://div[contains(@class, 'cookie-policy') and contains(@class, 'show')]</arg>
<doc>Verifies that the element identified by ``locator`` is visible.</doc>
<status status="PASS" start="2024-06-26T05:22:43.722797" elapsed="0.016484"/>
</kw>
<msg time="2024-06-26T05:22:43.739281" level="INFO">${cookie_banner_present} = True</msg>
<var>${cookie_banner_present}</var>
<arg>Element Should Be Visible</arg>
<arg>xpath://div[contains(@class, 'cookie-policy') and contains(@class, 'show')]</arg>
<doc>Runs the given keyword with given arguments and returns the status as a Boolean value.</doc>
<status status="PASS" start="2024-06-26T05:22:43.722797" elapsed="0.016484"/>
</kw>
<kw name="Run Keyword If" owner="BuiltIn">
<kw name="Run Keywords" owner="BuiltIn">
<kw name="Wait Until Element Is Visible" owner="SeleniumLibrary">
<arg>xpath://button[.//a[contains(text(), 'ยอมรับ')]]</arg>
<arg>timeout=10s</arg>
<doc>Waits until the element ``locator`` is visible.</doc>
<status status="PASS" start="2024-06-26T05:22:43.739778" elapsed="0.009514"/>
</kw>
<kw name="Click Element" owner="SeleniumLibrary">
<msg time="2024-06-26T05:22:43.749789" level="INFO">Clicking element 'xpath://button[.//a[contains(text(), 'ยอมรับ')]]'.</msg>
<arg>xpath://button[.//a[contains(text(), 'ยอมรับ')]]</arg>
<doc>Click the element identified by ``locator``.</doc>
<status status="PASS" start="2024-06-26T05:22:43.749292" elapsed="0.031876"/>
</kw>
<kw name="Wait Until Element Is Not Visible" owner="SeleniumLibrary">
<arg>xpath://div[contains(@class, 'cookie-policy') and contains(@class, 'show')]</arg>
<arg>timeout=10s</arg>
<doc>Waits until the element ``locator`` is not visible.</doc>
<status status="PASS" start="2024-06-26T05:22:43.781168" elapsed="0.218252"/>
</kw>
<arg>Wait Until Element Is Visible</arg>
<arg>xpath://button[.//a[contains(text(), 'ยอมรับ')]]</arg>
<arg>timeout=10s</arg>
<arg>AND</arg>
<arg>Click Element</arg>
<arg>xpath://button[.//a[contains(text(), 'ยอมรับ')]]</arg>
<arg>AND</arg>
<arg>Wait Until Element Is Not Visible</arg>
<arg>xpath://div[contains(@class, 'cookie-policy') and contains(@class, 'show')]</arg>
<arg>timeout=10s</arg>
<doc>Executes all the given keywords in a sequence.</doc>
<status status="PASS" start="2024-06-26T05:22:43.739778" elapsed="0.259642"/>
</kw>
<arg>${cookie_banner_present}</arg>
<arg>Run Keywords</arg>
<arg>Wait Until Element Is Visible</arg>
<arg>xpath://button[.//a[contains(text(), 'ยอมรับ')]]</arg>
<arg>timeout=10s</arg>
<arg>AND</arg>
<arg>Click Element</arg>
<arg>xpath://button[.//a[contains(text(), 'ยอมรับ')]]</arg>
<arg>AND</arg>
<arg>Wait Until Element Is Not Visible</arg>
<arg>xpath://div[contains(@class, 'cookie-policy') and contains(@class, 'show')]</arg>
<arg>timeout=10s</arg>
<doc>Runs the given keyword with the given arguments, if ``condition`` is true.</doc>
<status status="PASS" start="2024-06-26T05:22:43.739281" elapsed="0.260139"/>
</kw>
<status status="PASS" start="2024-06-26T05:22:43.722292" elapsed="0.277128"/>
</kw>
<kw name="Wait Until Page Contains Element" owner="SeleniumLibrary">
<arg>xpath://div[contains(@class, 'nev-pd-card')]</arg>
<doc>Waits until the element ``locator`` appears on the current page.</doc>
<status status="PASS" start="2024-06-26T05:22:43.999917" elapsed="0.006488"/>
</kw>
<status status="PASS" start="2024-06-26T05:22:41.856220" elapsed="2.150185"/>
</kw>
<status status="PASS" start="2024-06-26T05:22:41.855725" elapsed="2.151176"/>
</test>
<test id="s1-t4" name="TC004 Get Book Names In First Row" line="25">
<kw name="Get Book Names In First Row" owner="resources">
<kw name="Get WebElements" owner="SeleniumLibrary">
<msg time="2024-06-26T05:22:44.013386" level="INFO">@{book_elements} = [ &lt;selenium.webdriver.remote.webelement.WebElement (session="780ca8aa179a2c6f11ad0781e32ce0dc", element="f.59059FF23979E58B3F39BADD7479C770.d.86182EED11F94FDBE4CC0B150AFB503C.e.337")&gt; | &lt;selenium.webd...</msg>
<var>@{book_elements}</var>
<arg>xpath:(//div[contains(@class, 'nev-pd-card')])[position() &lt;= 5]//a/h5[@class='detail-title']</arg>
<doc>Returns a list of WebElement objects matching the ``locator``.</doc>
<status status="PASS" start="2024-06-26T05:22:44.007894" elapsed="0.005492"/>
</kw>
<kw name="Create List" owner="BuiltIn">
<msg time="2024-06-26T05:22:44.014387" level="INFO">@{book_names} = [ ]</msg>
<var>@{book_names}</var>
<doc>Returns a list containing given items.</doc>
<status status="PASS" start="2024-06-26T05:22:44.014387" elapsed="0.000000"/>
</kw>
<for flavor="IN">
<iter>
<kw name="Get Text" owner="SeleniumLibrary">
<msg time="2024-06-26T05:22:44.021346" level="INFO">${name} = ปฎิบัติการลับ บ้านโยซากุระ เล่ม 16</msg>
<var>${name}</var>
<arg>${element}</arg>
<doc>Returns the text value of the element identified by ``locator``.</doc>
<status status="PASS" start="2024-06-26T05:22:44.014387" elapsed="0.006959"/>
</kw>
<kw name="Strip String">
<kw name="Evaluate" owner="BuiltIn">
<msg time="2024-06-26T05:22:44.021346" level="INFO">${stripped_string} = ปฎิบัติการลับ บ้านโยซากุระ เล่ม 16</msg>
<var>${stripped_string}</var>
<arg>'${string}'.strip()</arg>
<doc>Evaluates the given expression in Python and returns the result.</doc>
<status status="PASS" start="2024-06-26T05:22:44.021346" elapsed="0.000000"/>
</kw>
<return>
<value>${stripped_string}</value>
<status status="PASS" start="2024-06-26T05:22:44.021346" elapsed="0.000000"/>
</return>
<msg time="2024-06-26T05:22:44.021346" level="INFO">${name} = ปฎิบัติการลับ บ้านโยซากุระ เล่ม 16</msg>
<var>${name}</var>
<arg>${name}</arg>
<status status="PASS" start="2024-06-26T05:22:44.021346" elapsed="0.000000"/>
</kw>
<kw name="Append To List" owner="Collections">
<arg>${book_names}</arg>
<arg>${name}</arg>
<doc>Adds ``values`` to the end of ``list``.</doc>
<status status="PASS" start="2024-06-26T05:22:44.022348" elapsed="0.000000"/>
</kw>
<var name="${element}">&lt;selenium.webdriver.remote.webelement.WebElement (session="780ca8aa179a2c6f11ad0781e32ce0dc", element="f.59059FF23979E58B3F39BADD7479C770.d.86182EED11F94FDBE4CC0B150AFB503C.e.337")&gt;</var>
<status status="PASS" start="2024-06-26T05:22:44.014387" elapsed="0.007961"/>
</iter>
<iter>
<kw name="Get Text" owner="SeleniumLibrary">
<msg time="2024-06-26T05:22:44.026371" level="INFO">${name} = ปฎิบัติการลับ บ้านโยซากุระ เล่ม 15</msg>
<var>${name}</var>
<arg>${element}</arg>
<doc>Returns the text value of the element identified by ``locator``.</doc>
<status status="PASS" start="2024-06-26T05:22:44.022348" elapsed="0.004023"/>
</kw>
<kw name="Strip String">
<kw name="Evaluate" owner="BuiltIn">
<msg time="2024-06-26T05:22:44.026868" level="INFO">${stripped_string} = ปฎิบัติการลับ บ้านโยซากุระ เล่ม 15</msg>
<var>${stripped_string}</var>
<arg>'${string}'.strip()</arg>
<doc>Evaluates the given expression in Python and returns the result.</doc>
<status status="PASS" start="2024-06-26T05:22:44.026868" elapsed="0.000000"/>
</kw>
<return>
<value>${stripped_string}</value>
<status status="PASS" start="2024-06-26T05:22:44.026868" elapsed="0.000000"/>
</return>
<msg time="2024-06-26T05:22:44.026868" level="INFO">${name} = ปฎิบัติการลับ บ้านโยซากุระ เล่ม 15</msg>
<var>${name}</var>
<arg>${name}</arg>
<status status="PASS" start="2024-06-26T05:22:44.026371" elapsed="0.000497"/>
</kw>
<kw name="Append To List" owner="Collections">
<arg>${book_names}</arg>
<arg>${name}</arg>
<doc>Adds ``values`` to the end of ``list``.</doc>
<status status="PASS" start="2024-06-26T05:22:44.027367" elapsed="0.000000"/>
</kw>
<var name="${element}">&lt;selenium.webdriver.remote.webelement.WebElement (session="780ca8aa179a2c6f11ad0781e32ce0dc", element="f.59059FF23979E58B3F39BADD7479C770.d.86182EED11F94FDBE4CC0B150AFB503C.e.338")&gt;</var>
<status status="PASS" start="2024-06-26T05:22:44.022348" elapsed="0.005019"/>
</iter>
<iter>
<kw name="Get Text" owner="SeleniumLibrary">
<msg time="2024-06-26T05:22:44.032343" level="INFO">${name} = PERSONA4 เพอร์โซนา 4 เล่ม 1</msg>
<var>${name}</var>
<arg>${element}</arg>
<doc>Returns the text value of the element identified by ``locator``.</doc>
<status status="PASS" start="2024-06-26T05:22:44.027367" elapsed="0.005480"/>
</kw>
<kw name="Strip String">
<kw name="Evaluate" owner="BuiltIn">
<msg time="2024-06-26T05:22:44.033344" level="INFO">${stripped_string} = PERSONA4 เพอร์โซนา 4 เล่ม 1</msg>
<var>${stripped_string}</var>
<arg>'${string}'.strip()</arg>
<doc>Evaluates the given expression in Python and returns the result.</doc>
<status status="PASS" start="2024-06-26T05:22:44.032847" elapsed="0.000497"/>
</kw>
<return>
<value>${stripped_string}</value>
<status status="PASS" start="2024-06-26T05:22:44.033344" elapsed="0.000000"/>
</return>
<msg time="2024-06-26T05:22:44.033344" level="INFO">${name} = PERSONA4 เพอร์โซนา 4 เล่ม 1</msg>
<var>${name}</var>
<arg>${name}</arg>
<status status="PASS" start="2024-06-26T05:22:44.032847" elapsed="0.000497"/>
</kw>
<kw name="Append To List" owner="Collections">
<arg>${book_names}</arg>
<arg>${name}</arg>
<doc>Adds ``values`` to the end of ``list``.</doc>
<status status="PASS" start="2024-06-26T05:22:44.033344" elapsed="0.000000"/>
</kw>
<var name="${element}">&lt;selenium.webdriver.remote.webelement.WebElement (session="780ca8aa179a2c6f11ad0781e32ce0dc", element="f.59059FF23979E58B3F39BADD7479C770.d.86182EED11F94FDBE4CC0B150AFB503C.e.339")&gt;</var>
<status status="PASS" start="2024-06-26T05:22:44.027367" elapsed="0.005977"/>
</iter>
<iter>
<kw name="Get Text" owner="SeleniumLibrary">
<msg time="2024-06-26T05:22:44.037829" level="INFO">${name} = เสียงหัวใจของฉัน 「มีแค่เธอนั้นที่รู้」เล่ม 9</msg>
<var>${name}</var>
<arg>${element}</arg>
<doc>Returns the text value of the element identified by ``locator``.</doc>
<status status="PASS" start="2024-06-26T05:22:44.033840" elapsed="0.003989"/>
</kw>
<kw name="Strip String">
<kw name="Evaluate" owner="BuiltIn">
<msg time="2024-06-26T05:22:44.038326" level="INFO">${stripped_string} = เสียงหัวใจของฉัน 「มีแค่เธอนั้นที่รู้」เล่ม 9</msg>
<var>${stripped_string}</var>
<arg>'${string}'.strip()</arg>
<doc>Evaluates the given expression in Python and returns the result.</doc>
<status status="PASS" start="2024-06-26T05:22:44.038326" elapsed="0.000000"/>
</kw>
<return>
<value>${stripped_string}</value>
<status status="PASS" start="2024-06-26T05:22:44.038326" elapsed="0.000000"/>
</return>
<msg time="2024-06-26T05:22:44.038326" level="INFO">${name} = เสียงหัวใจของฉัน 「มีแค่เธอนั้นที่รู้」เล่ม 9</msg>
<var>${name}</var>
<arg>${name}</arg>
<status status="PASS" start="2024-06-26T05:22:44.037829" elapsed="0.000497"/>
</kw>
<kw name="Append To List" owner="Collections">
<arg>${book_names}</arg>
<arg>${name}</arg>
<doc>Adds ``values`` to the end of ``list``.</doc>
<status status="PASS" start="2024-06-26T05:22:44.038823" elapsed="0.000000"/>
</kw>
<var name="${element}">&lt;selenium.webdriver.remote.webelement.WebElement (session="780ca8aa179a2c6f11ad0781e32ce0dc", element="f.59059FF23979E58B3F39BADD7479C770.d.86182EED11F94FDBE4CC0B150AFB503C.e.340")&gt;</var>
<status status="PASS" start="2024-06-26T05:22:44.033840" elapsed="0.004983"/>
</iter>
<iter>
<kw name="Get Text" owner="SeleniumLibrary">
<msg time="2024-06-26T05:22:44.043453" level="INFO">${name} = New Prince of Tennis ภาค 2 เล่ม 27</msg>
<var>${name}</var>
<arg>${element}</arg>
<doc>Returns the text value of the element identified by ``locator``.</doc>
<status status="PASS" start="2024-06-26T05:22:44.038823" elapsed="0.004630"/>
</kw>
<kw name="Strip String">
<kw name="Evaluate" owner="BuiltIn">
<msg time="2024-06-26T05:22:44.043453" level="INFO">${stripped_string} = New Prince of Tennis ภาค 2 เล่ม 27</msg>
<var>${stripped_string}</var>
<arg>'${string}'.strip()</arg>
<doc>Evaluates the given expression in Python and returns the result.</doc>
<status status="PASS" start="2024-06-26T05:22:44.043453" elapsed="0.000831"/>
</kw>
<return>
<value>${stripped_string}</value>
<status status="PASS" start="2024-06-26T05:22:44.044284" elapsed="0.000000"/>
</return>
<msg time="2024-06-26T05:22:44.044284" level="INFO">${name} = New Prince of Tennis ภาค 2 เล่ม 27</msg>
<var>${name}</var>
<arg>${name}</arg>
<status status="PASS" start="2024-06-26T05:22:44.043453" elapsed="0.000831"/>
</kw>
<kw name="Append To List" owner="Collections">
<arg>${book_names}</arg>
<arg>${name}</arg>
<doc>Adds ``values`` to the end of ``list``.</doc>
<status status="PASS" start="2024-06-26T05:22:44.044284" elapsed="0.000000"/>
</kw>
<var name="${element}">&lt;selenium.webdriver.remote.webelement.WebElement (session="780ca8aa179a2c6f11ad0781e32ce0dc", element="f.59059FF23979E58B3F39BADD7479C770.d.86182EED11F94FDBE4CC0B150AFB503C.e.341")&gt;</var>
<status status="PASS" start="2024-06-26T05:22:44.038823" elapsed="0.005461"/>
</iter>
<var>${element}</var>
<value>@{book_elements}</value>
<status status="PASS" start="2024-06-26T05:22:44.014387" elapsed="0.029897"/>
</for>
<kw name="Log" owner="BuiltIn">
<msg time="2024-06-26T05:22:44.044781" level="INFO">Found book names: ['ปฎิบัติการลับ บ้านโยซากุระ เล่ม 16', 'ปฎิบัติการลับ บ้านโยซากุระ เล่ม 15', 'PERSONA4 เพอร์โซนา 4 เล่ม 1', 'เสียงหัวใจของฉัน 「มีแค่เธอนั้นที่รู้」เล่ม 9', 'New Prince of Tennis ภาค 2 เล่ม 27']</msg>
<arg>Found book names: ${book_names}</arg>
<doc>Logs the given message with the given level.</doc>
<status status="PASS" start="2024-06-26T05:22:44.044781" elapsed="0.000000"/>
</kw>
<return>
<value>${book_names}</value>
<status status="PASS" start="2024-06-26T05:22:44.044781" elapsed="0.000000"/>
</return>
<msg time="2024-06-26T05:22:44.044781" level="INFO">${book_names} = ['ปฎิบัติการลับ บ้านโยซากุระ เล่ม 16', 'ปฎิบัติการลับ บ้านโยซากุระ เล่ม 15', 'PERSONA4 เพอร์โซนา 4 เล่ม 1', 'เสียงหัวใจของฉัน 「มีแค่เธอนั้นที่รู้」เล่ม 9', 'New Prince of Tennis ภาค 2 เล่ม 27']</msg>
<var>${book_names}</var>
<status status="PASS" start="2024-06-26T05:22:44.007894" elapsed="0.036887"/>
</kw>
<kw name="Set Suite Variable" owner="BuiltIn">
<msg time="2024-06-26T05:22:44.045278" level="INFO">${book_names} = ['ปฎิบัติการลับ บ้านโยซากุระ เล่ม 16', 'ปฎิบัติการลับ บ้านโยซากุระ เล่ม 15', 'PERSONA4 เพอร์โซนา 4 เล่ม 1', 'เสียงหัวใจของฉัน 「มีแค่เธอนั้นที่รู้」เล่ม 9', 'New Prince of Tennis ภาค 2 เล่ม 27']</msg>
<arg>${book_names}</arg>
<doc>Makes a variable available everywhere within the scope of the current suite.</doc>
<status status="PASS" start="2024-06-26T05:22:44.045278" elapsed="0.000000"/>
</kw>
<status status="PASS" start="2024-06-26T05:22:44.007397" elapsed="0.037881"/>
</test>
<test id="s1-t5" name="TC005 Add All Books In First Row To Cart" line="29">
<kw name="Add All Books In First Row To Cart" owner="resources">
<kw name="Get WebElements" owner="SeleniumLibrary">
<msg time="2024-06-26T05:22:44.052747" level="INFO">@{add_buttons} = [ &lt;selenium.webdriver.remote.webelement.WebElement (session="780ca8aa179a2c6f11ad0781e32ce0dc", element="f.59059FF23979E58B3F39BADD7479C770.d.86182EED11F94FDBE4CC0B150AFB503C.e.342")&gt; | &lt;selenium.webd...</msg>
<var>@{add_buttons}</var>
<arg>xpath:(//div[contains(@class, 'nev-pd-card')])[position() &lt;= 5]//form[@id='QuickCartRequestForm']//button[@id='quick-cart-button']</arg>
<doc>Returns a list of WebElement objects matching the ``locator``.</doc>
<status status="PASS" start="2024-06-26T05:22:44.046272" elapsed="0.006475"/>
</kw>
<kw name="Get Length" owner="BuiltIn">
<msg time="2024-06-26T05:22:44.052747" level="INFO">Length is 5.</msg>
<msg time="2024-06-26T05:22:44.052747" level="INFO">${button_count} = 5</msg>
<var>${button_count}</var>
<arg>${add_buttons}</arg>
<doc>Returns and logs the length of the given item as an integer.</doc>
<status status="PASS" start="2024-06-26T05:22:44.052747" elapsed="0.000000"/>
</kw>
<kw name="Log" owner="BuiltIn">
<msg time="2024-06-26T05:22:44.052747" level="INFO">Found 5 'Add to Cart' buttons to process</msg>
<arg>Found ${button_count} 'Add to Cart' buttons to process</arg>
<doc>Logs the given message with the given level.</doc>
<status status="PASS" start="2024-06-26T05:22:44.052747" elapsed="0.000000"/>
</kw>
<for flavor="IN ENUMERATE" start="1">
<iter>
<kw name="Click Add To Cart Button" owner="resources">
<kw name="Scroll Element Into View" owner="SeleniumLibrary">
<arg>${button}</arg>
<doc>Scrolls the element identified by ``locator`` into view.</doc>
<status status="PASS" start="2024-06-26T05:22:44.053749" elapsed="0.264535"/>
</kw>
<kw name="Wait Until Element Is Visible" owner="SeleniumLibrary">
<arg>${button}</arg>
<arg>timeout=10s</arg>
<doc>Waits until the element ``locator`` is visible.</doc>
<status status="PASS" start="2024-06-26T05:22:44.318779" elapsed="0.005985"/>
</kw>
<kw name="Wait Until Element Is Enabled" owner="SeleniumLibrary">
<arg>${button}</arg>
<arg>timeout=10s</arg>
<doc>Waits until the element ``locator`` is enabled.</doc>
<status status="PASS" start="2024-06-26T05:22:44.325268" elapsed="0.010840"/>
</kw>
<kw name="Click Element" owner="SeleniumLibrary">
<msg time="2024-06-26T05:22:44.336604" level="INFO">Clicking element '&lt;selenium.webdriver.remote.webelement.WebElement (session="780ca8aa179a2c6f11ad0781e32ce0dc", element="f.59059FF23979E58B3F39BADD7479C770.d.86182EED11F94FDBE4CC0B150AFB503C.e.342")&gt;'.</msg>
<arg>${button}</arg>
<doc>Click the element identified by ``locator``.</doc>
<status status="PASS" start="2024-06-26T05:22:44.336108" elapsed="0.033260"/>
</kw>
<kw name="Sleep" owner="BuiltIn">
<msg time="2024-06-26T05:22:46.370480" level="INFO">Slept 2 seconds.</msg>
<arg>2s</arg>
<doc>Pauses the test executed for the given time.</doc>
<status status="PASS" start="2024-06-26T05:22:44.369368" elapsed="2.001112"/>
</kw>
<arg>${button}</arg>
<arg>${index}</arg>
<status status="PASS" start="2024-06-26T05:22:44.052747" elapsed="2.317733"/>
</kw>
<var name="${index}">1</var>
<var name="${button}">&lt;selenium.webdriver.remote.webelement.WebElement (session="780ca8aa179a2c6f11ad0781e32ce0dc", element="f.59059FF23979E58B3F39BADD7479C770.d.86182EED11F94FDBE4CC0B150AFB503C.e.342")&gt;</var>
<status status="PASS" start="2024-06-26T05:22:44.052747" elapsed="2.317733"/>
</iter>
<iter>
<kw name="Click Add To Cart Button" owner="resources">
<kw name="Scroll Element Into View" owner="SeleniumLibrary">
<arg>${button}</arg>
<doc>Scrolls the element identified by ``locator`` into view.</doc>
<status status="PASS" start="2024-06-26T05:22:46.370480" elapsed="0.258948"/>
</kw>
<kw name="Wait Until Element Is Visible" owner="SeleniumLibrary">
<arg>${button}</arg>
<arg>timeout=10s</arg>
<doc>Waits until the element ``locator`` is visible.</doc>
<status status="PASS" start="2024-06-26T05:22:46.629428" elapsed="0.005978"/>
</kw>
<kw name="Wait Until Element Is Enabled" owner="SeleniumLibrary">
<arg>${button}</arg>
<arg>timeout=10s</arg>
<doc>Waits until the element ``locator`` is enabled.</doc>
<status status="PASS" start="2024-06-26T05:22:46.635902" elapsed="0.006980"/>
</kw>
<kw name="Click Element" owner="SeleniumLibrary">
<msg time="2024-06-26T05:22:46.643379" level="INFO">Clicking element '&lt;selenium.webdriver.remote.webelement.WebElement (session="780ca8aa179a2c6f11ad0781e32ce0dc", element="f.59059FF23979E58B3F39BADD7479C770.d.86182EED11F94FDBE4CC0B150AFB503C.e.343")&gt;'.</msg>
<arg>${button}</arg>
<doc>Click the element identified by ``locator``.</doc>
<status status="PASS" start="2024-06-26T05:22:46.642882" elapsed="0.020876"/>
</kw>
<kw name="Sleep" owner="BuiltIn">
<msg time="2024-06-26T05:22:48.664489" level="INFO">Slept 2 seconds.</msg>
<arg>2s</arg>
<doc>Pauses the test executed for the given time.</doc>
<status status="PASS" start="2024-06-26T05:22:46.663758" elapsed="2.000731"/>
</kw>
<arg>${button}</arg>
<arg>${index}</arg>
<status status="PASS" start="2024-06-26T05:22:46.370480" elapsed="2.294009"/>
</kw>
<var name="${index}">2</var>
<var name="${button}">&lt;selenium.webdriver.remote.webelement.WebElement (session="780ca8aa179a2c6f11ad0781e32ce0dc", element="f.59059FF23979E58B3F39BADD7479C770.d.86182EED11F94FDBE4CC0B150AFB503C.e.343")&gt;</var>
<status status="PASS" start="2024-06-26T05:22:46.370480" elapsed="2.294009"/>
</iter>
<iter>
<kw name="Click Add To Cart Button" owner="resources">
<kw name="Scroll Element Into View" owner="SeleniumLibrary">
<arg>${button}</arg>
<doc>Scrolls the element identified by ``locator`` into view.</doc>
<status status="PASS" start="2024-06-26T05:22:48.664987" elapsed="0.268331"/>
</kw>
<kw name="Wait Until Element Is Visible" owner="SeleniumLibrary">
<arg>${button}</arg>
<arg>timeout=10s</arg>
<doc>Waits until the element ``locator`` is visible.</doc>
<status status="PASS" start="2024-06-26T05:22:48.933816" elapsed="0.006995"/>
</kw>
<kw name="Wait Until Element Is Enabled" owner="SeleniumLibrary">
<arg>${button}</arg>
<arg>timeout=10s</arg>
<doc>Waits until the element ``locator`` is enabled.</doc>
<status status="PASS" start="2024-06-26T05:22:48.941308" elapsed="0.009089"/>
</kw>
<kw name="Click Element" owner="SeleniumLibrary">
<msg time="2024-06-26T05:22:48.950893" level="INFO">Clicking element '&lt;selenium.webdriver.remote.webelement.WebElement (session="780ca8aa179a2c6f11ad0781e32ce0dc", element="f.59059FF23979E58B3F39BADD7479C770.d.86182EED11F94FDBE4CC0B150AFB503C.e.344")&gt;'.</msg>
<arg>${button}</arg>
<doc>Click the element identified by ``locator``.</doc>
<status status="PASS" start="2024-06-26T05:22:48.950397" elapsed="0.037237"/>
</kw>
<kw name="Sleep" owner="BuiltIn">
<msg time="2024-06-26T05:22:50.988324" level="INFO">Slept 2 seconds.</msg>
<arg>2s</arg>
<doc>Pauses the test executed for the given time.</doc>
<status status="PASS" start="2024-06-26T05:22:48.987634" elapsed="2.000690"/>
</kw>
<arg>${button}</arg>
<arg>${index}</arg>
<status status="PASS" start="2024-06-26T05:22:48.664489" elapsed="2.323835"/>
</kw>
<var name="${index}">3</var>
<var name="${button}">&lt;selenium.webdriver.remote.webelement.WebElement (session="780ca8aa179a2c6f11ad0781e32ce0dc", element="f.59059FF23979E58B3F39BADD7479C770.d.86182EED11F94FDBE4CC0B150AFB503C.e.344")&gt;</var>
<status status="PASS" start="2024-06-26T05:22:48.664489" elapsed="2.323835"/>
</iter>
<iter>
<kw name="Click Add To Cart Button" owner="resources">
<kw name="Scroll Element Into View" owner="SeleniumLibrary">
<arg>${button}</arg>
<doc>Scrolls the element identified by ``locator`` into view.</doc>
<status status="PASS" start="2024-06-26T05:22:50.988827" elapsed="0.268270"/>
</kw>
<kw name="Wait Until Element Is Visible" owner="SeleniumLibrary">
<arg>${button}</arg>
<arg>timeout=10s</arg>
<doc>Waits until the element ``locator`` is visible.</doc>
<status status="PASS" start="2024-06-26T05:22:51.257655" elapsed="0.004456"/>
</kw>
<kw name="Wait Until Element Is Enabled" owner="SeleniumLibrary">
<arg>${button}</arg>
<arg>timeout=10s</arg>
<doc>Waits until the element ``locator`` is enabled.</doc>
<status status="PASS" start="2024-06-26T05:22:51.262111" elapsed="0.007469"/>
</kw>
<kw name="Click Element" owner="SeleniumLibrary">
<msg time="2024-06-26T05:22:51.269580" level="INFO">Clicking element '&lt;selenium.webdriver.remote.webelement.WebElement (session="780ca8aa179a2c6f11ad0781e32ce0dc", element="f.59059FF23979E58B3F39BADD7479C770.d.86182EED11F94FDBE4CC0B150AFB503C.e.345")&gt;'.</msg>
<arg>${button}</arg>
<doc>Click the element identified by ``locator``.</doc>
<status status="PASS" start="2024-06-26T05:22:51.269580" elapsed="0.024064"/>
</kw>
<kw name="Sleep" owner="BuiltIn">
<msg time="2024-06-26T05:22:53.294335" level="INFO">Slept 2 seconds.</msg>
<arg>2s</arg>
<doc>Pauses the test executed for the given time.</doc>
<status status="PASS" start="2024-06-26T05:22:51.294141" elapsed="2.000194"/>
</kw>
<arg>${button}</arg>
<arg>${index}</arg>
<status status="PASS" start="2024-06-26T05:22:50.988324" elapsed="2.306011"/>
</kw>
<var name="${index}">4</var>
<var name="${button}">&lt;selenium.webdriver.remote.webelement.WebElement (session="780ca8aa179a2c6f11ad0781e32ce0dc", element="f.59059FF23979E58B3F39BADD7479C770.d.86182EED11F94FDBE4CC0B150AFB503C.e.345")&gt;</var>
<status status="PASS" start="2024-06-26T05:22:50.988324" elapsed="2.306011"/>
</iter>
<iter>
<kw name="Click Add To Cart Button" owner="resources">
<kw name="Scroll Element Into View" owner="SeleniumLibrary">
<arg>${button}</arg>
<doc>Scrolls the element identified by ``locator`` into view.</doc>
<status status="PASS" start="2024-06-26T05:22:53.294836" elapsed="0.268242"/>
</kw>
<kw name="Wait Until Element Is Visible" owner="SeleniumLibrary">
<arg>${button}</arg>
<arg>timeout=10s</arg>
<doc>Waits until the element ``locator`` is visible.</doc>
<status status="PASS" start="2024-06-26T05:22:53.563078" elapsed="0.004651"/>
</kw>
<kw name="Wait Until Element Is Enabled" owner="SeleniumLibrary">
<arg>${button}</arg>
<arg>timeout=10s</arg>
<doc>Waits until the element ``locator`` is enabled.</doc>
<status status="PASS" start="2024-06-26T05:22:53.567729" elapsed="0.007329"/>
</kw>
<kw name="Click Element" owner="SeleniumLibrary">
<msg time="2024-06-26T05:22:53.575555" level="INFO">Clicking element '&lt;selenium.webdriver.remote.webelement.WebElement (session="780ca8aa179a2c6f11ad0781e32ce0dc", element="f.59059FF23979E58B3F39BADD7479C770.d.86182EED11F94FDBE4CC0B150AFB503C.e.346")&gt;'.</msg>
<arg>${button}</arg>
<doc>Click the element identified by ``locator``.</doc>
<status status="PASS" start="2024-06-26T05:22:53.575058" elapsed="0.025786"/>
</kw>
<kw name="Sleep" owner="BuiltIn">
<msg time="2024-06-26T05:22:55.601342" level="INFO">Slept 2 seconds.</msg>
<arg>2s</arg>
<doc>Pauses the test executed for the given time.</doc>
<status status="PASS" start="2024-06-26T05:22:53.600844" elapsed="2.000498"/>
</kw>
<arg>${button}</arg>
<arg>${index}</arg>
<status status="PASS" start="2024-06-26T05:22:53.294335" elapsed="2.307007"/>
</kw>
<var name="${index}">5</var>
<var name="${button}">&lt;selenium.webdriver.remote.webelement.WebElement (session="780ca8aa179a2c6f11ad0781e32ce0dc", element="f.59059FF23979E58B3F39BADD7479C770.d.86182EED11F94FDBE4CC0B150AFB503C.e.346")&gt;</var>
<status status="PASS" start="2024-06-26T05:22:53.294335" elapsed="2.307007"/>
</iter>
<var>${index}</var>
<var>${button}</var>
<value>@{add_buttons}</value>
<status status="PASS" start="2024-06-26T05:22:44.052747" elapsed="11.548595"/>
</for>
<status status="PASS" start="2024-06-26T05:22:44.045775" elapsed="11.555567"/>
</kw>
<status status="PASS" start="2024-06-26T05:22:44.045775" elapsed="11.556099"/>
</test>
<test id="s1-t6" name="TC006 Go To Cart Page" line="32">
<kw name="Go To Cart Page" owner="resources">
<kw name="Click Link" owner="SeleniumLibrary">
<msg time="2024-06-26T05:22:55.602870" level="INFO">Clicking link 'https://www.nejavu.com/cart'.</msg>
<arg>https://www.nejavu.com/cart</arg>
<doc>Clicks a link identified by ``locator``.</doc>
<status status="PASS" start="2024-06-26T05:22:55.602870" elapsed="1.347178"/>
</kw>
<status status="PASS" start="2024-06-26T05:22:55.602372" elapsed="1.347676"/>
</kw>
<status status="PASS" start="2024-06-26T05:22:55.602372" elapsed="1.347676"/>
</test>
<test id="s1-t7" name="TC007 Verify Cart Contents" line="35">
<kw name="Verify Cart Contents" owner="resources">
<kw name="Wait Until Page Contains Element" owner="SeleniumLibrary">
<arg>xpath://body/main[1]/div[1]/div[3]/div[1]/div[1]/div[1]/div[2]</arg>
<doc>Waits until the element ``locator`` appears on the current page.</doc>
<status status="PASS" start="2024-06-26T05:22:56.951041" elapsed="0.006986"/>
</kw>
<kw name="Get WebElements" owner="SeleniumLibrary">
<msg time="2024-06-26T05:22:56.963657" level="INFO">@{cart_book_elements} = [ &lt;selenium.webdriver.remote.webelement.WebElement (session="780ca8aa179a2c6f11ad0781e32ce0dc", element="f.59059FF23979E58B3F39BADD7479C770.d.210CF52BDF4E7B47B8F75BF0AE8371A6.e.432")&gt; | &lt;selenium.webd...</msg>
<var>@{cart_book_elements}</var>
<arg>xpath://div[contains(@class, 'cart-item-detail')]/p/strong</arg>
<doc>Returns a list of WebElement objects matching the ``locator``.</doc>
<status status="PASS" start="2024-06-26T05:22:56.958027" elapsed="0.005630"/>
</kw>
<kw name="Create List" owner="BuiltIn">
<msg time="2024-06-26T05:22:56.964659" level="INFO">@{cart_book_names} = [ ]</msg>
<var>@{cart_book_names}</var>
<doc>Returns a list containing given items.</doc>
<status status="PASS" start="2024-06-26T05:22:56.964659" elapsed="0.000000"/>
</kw>
<kw name="Get Length" owner="BuiltIn">
<msg time="2024-06-26T05:22:56.964659" level="INFO">Length is 5.</msg>
<msg time="2024-06-26T05:22:56.964659" level="INFO">${element_count} = 5</msg>
<var>${element_count}</var>
<arg>${cart_book_elements}</arg>
<doc>Returns and logs the length of the given item as an integer.</doc>
<status status="PASS" start="2024-06-26T05:22:56.964659" elapsed="0.000000"/>
</kw>
<kw name="Log" owner="BuiltIn">
<msg time="2024-06-26T05:22:56.965171" level="INFO">Number of book elements found in cart: 5</msg>
<arg>Number of book elements found in cart: ${element_count}</arg>
<doc>Logs the given message with the given level.</doc>
<status status="PASS" start="2024-06-26T05:22:56.965171" elapsed="0.000000"/>
</kw>
<for flavor="IN">
<iter>
<kw name="Get Text" owner="SeleniumLibrary">
<msg time="2024-06-26T05:22:56.969144" level="INFO">${name} = ปฎิบัติการลับ บ้านโยซากุระ เล่ม 16</msg>
<var>${name}</var>
<arg>${element}</arg>
<doc>Returns the text value of the element identified by ``locator``.</doc>
<status status="PASS" start="2024-06-26T05:22:56.965667" elapsed="0.004478"/>
</kw>
<kw name="Strip String">
<kw name="Evaluate" owner="BuiltIn">
<msg time="2024-06-26T05:22:56.970145" level="INFO">${stripped_string} = ปฎิบัติการลับ บ้านโยซากุระ เล่ม 16</msg>
<var>${stripped_string}</var>
<arg>'${string}'.strip()</arg>
<doc>Evaluates the given expression in Python and returns the result.</doc>
<status status="PASS" start="2024-06-26T05:22:56.970145" elapsed="0.000000"/>
</kw>
<return>
<value>${stripped_string}</value>
<status status="PASS" start="2024-06-26T05:22:56.970647" elapsed="0.000000"/>
</return>
<msg time="2024-06-26T05:22:56.970647" level="INFO">${name} = ปฎิบัติการลับ บ้านโยซากุระ เล่ม 16</msg>
<var>${name}</var>
<arg>${name}</arg>
<status status="PASS" start="2024-06-26T05:22:56.970145" elapsed="0.000502"/>
</kw>
<kw name="Append To List" owner="Collections">
<arg>${cart_book_names}</arg>
<arg>${name}</arg>
<doc>Adds ``values`` to the end of ``list``.</doc>
<status status="PASS" start="2024-06-26T05:22:56.970647" elapsed="0.000000"/>
</kw>
<kw name="Log" owner="BuiltIn">
<msg time="2024-06-26T05:22:56.970647" level="INFO">Found book in cart: ปฎิบัติการลับ บ้านโยซากุระ เล่ม 16</msg>
<arg>Found book in cart: ${name}</arg>
<doc>Logs the given message with the given level.</doc>
<status status="PASS" start="2024-06-26T05:22:56.970647" elapsed="0.000000"/>
</kw>
<var name="${element}">&lt;selenium.webdriver.remote.webelement.WebElement (session="780ca8aa179a2c6f11ad0781e32ce0dc", element="f.59059FF23979E58B3F39BADD7479C770.d.210CF52BDF4E7B47B8F75BF0AE8371A6.e.432")&gt;</var>
<status status="PASS" start="2024-06-26T05:22:56.965667" elapsed="0.005476"/>
</iter>
<iter>
<kw name="Get Text" owner="SeleniumLibrary">
<msg time="2024-06-26T05:22:56.975632" level="INFO">${name} = ปฎิบัติการลับ บ้านโยซากุระ เล่ม 15</msg>
<var>${name}</var>
<arg>${element}</arg>
<doc>Returns the text value of the element identified by ``locator``.</doc>
<status status="PASS" start="2024-06-26T05:22:56.971143" elapsed="0.004489"/>
</kw>
<kw name="Strip String">
<kw name="Evaluate" owner="BuiltIn">
<msg time="2024-06-26T05:22:56.976258" level="INFO">${stripped_string} = ปฎิบัติการลับ บ้านโยซากุระ เล่ม 15</msg>
<var>${stripped_string}</var>
<arg>'${string}'.strip()</arg>
<doc>Evaluates the given expression in Python and returns the result.</doc>
<status status="PASS" start="2024-06-26T05:22:56.976130" elapsed="0.000128"/>
</kw>
<return>
<value>${stripped_string}</value>
<status status="PASS" start="2024-06-26T05:22:56.976258" elapsed="0.000000"/>
</return>
<msg time="2024-06-26T05:22:56.976258" level="INFO">${name} = ปฎิบัติการลับ บ้านโยซากุระ เล่ม 15</msg>
<var>${name}</var>
<arg>${name}</arg>
<status status="PASS" start="2024-06-26T05:22:56.975632" elapsed="0.000994"/>
</kw>
<kw name="Append To List" owner="Collections">
<arg>${cart_book_names}</arg>
<arg>${name}</arg>
<doc>Adds ``values`` to the end of ``list``.</doc>
<status status="PASS" start="2024-06-26T05:22:56.976626" elapsed="0.000000"/>
</kw>
<kw name="Log" owner="BuiltIn">
<msg time="2024-06-26T05:22:56.976626" level="INFO">Found book in cart: ปฎิบัติการลับ บ้านโยซากุระ เล่ม 15</msg>
<arg>Found book in cart: ${name}</arg>
<doc>Logs the given message with the given level.</doc>
<status status="PASS" start="2024-06-26T05:22:56.976626" elapsed="0.000000"/>
</kw>
<var name="${element}">&lt;selenium.webdriver.remote.webelement.WebElement (session="780ca8aa179a2c6f11ad0781e32ce0dc", element="f.59059FF23979E58B3F39BADD7479C770.d.210CF52BDF4E7B47B8F75BF0AE8371A6.e.433")&gt;</var>
<status status="PASS" start="2024-06-26T05:22:56.971143" elapsed="0.005483"/>
</iter>
<iter>
<kw name="Get Text" owner="SeleniumLibrary">
<msg time="2024-06-26T05:22:56.981113" level="INFO">${name} = PERSONA4 เพอร์โซนา 4 เล่ม 1</msg>
<var>${name}</var>
<arg>${element}</arg>
<doc>Returns the text value of the element identified by ``locator``.</doc>
<status status="PASS" start="2024-06-26T05:22:56.977123" elapsed="0.003990"/>
</kw>
<kw name="Strip String">
<kw name="Evaluate" owner="BuiltIn">
<msg time="2024-06-26T05:22:56.981113" level="INFO">${stripped_string} = PERSONA4 เพอร์โซนา 4 เล่ม 1</msg>
<var>${stripped_string}</var>
<arg>'${string}'.strip()</arg>
<doc>Evaluates the given expression in Python and returns the result.</doc>
<status status="PASS" start="2024-06-26T05:22:56.981113" elapsed="0.000000"/>
</kw>
<return>
<value>${stripped_string}</value>
<status status="PASS" start="2024-06-26T05:22:56.981113" elapsed="0.000000"/>
</return>
<msg time="2024-06-26T05:22:56.982114" level="INFO">${name} = PERSONA4 เพอร์โซนา 4 เล่ม 1</msg>
<var>${name}</var>
<arg>${name}</arg>
<status status="PASS" start="2024-06-26T05:22:56.981113" elapsed="0.001001"/>
</kw>
<kw name="Append To List" owner="Collections">
<arg>${cart_book_names}</arg>
<arg>${name}</arg>
<doc>Adds ``values`` to the end of ``list``.</doc>
<status status="PASS" start="2024-06-26T05:22:56.982114" elapsed="0.000000"/>
</kw>
<kw name="Log" owner="BuiltIn">
<msg time="2024-06-26T05:22:56.982616" level="INFO">Found book in cart: PERSONA4 เพอร์โซนา 4 เล่ม 1</msg>
<arg>Found book in cart: ${name}</arg>
<doc>Logs the given message with the given level.</doc>
<status status="PASS" start="2024-06-26T05:22:56.982114" elapsed="0.000502"/>
</kw>
<var name="${element}">&lt;selenium.webdriver.remote.webelement.WebElement (session="780ca8aa179a2c6f11ad0781e32ce0dc", element="f.59059FF23979E58B3F39BADD7479C770.d.210CF52BDF4E7B47B8F75BF0AE8371A6.e.434")&gt;</var>
<status status="PASS" start="2024-06-26T05:22:56.977123" elapsed="0.005493"/>
</iter>
<iter>
<kw name="Get Text" owner="SeleniumLibrary">
<msg time="2024-06-26T05:22:56.986603" level="INFO">${name} = เสียงหัวใจของฉัน 「มีแค่เธอนั้นที่รู้」เล่ม 9</msg>
<var>${name}</var>
<arg>${element}</arg>
<doc>Returns the text value of the element identified by ``locator``.</doc>
<status status="PASS" start="2024-06-26T05:22:56.982616" elapsed="0.003987"/>
</kw>
<kw name="Strip String">
<kw name="Evaluate" owner="BuiltIn">
<msg time="2024-06-26T05:22:56.987099" level="INFO">${stripped_string} = เสียงหัวใจของฉัน 「มีแค่เธอนั้นที่รู้」เล่ม 9</msg>
<var>${stripped_string}</var>
<arg>'${string}'.strip()</arg>
<doc>Evaluates the given expression in Python and returns the result.</doc>
<status status="PASS" start="2024-06-26T05:22:56.987099" elapsed="0.000000"/>
</kw>
<return>
<value>${stripped_string}</value>
<status status="PASS" start="2024-06-26T05:22:56.987596" elapsed="0.000000"/>
</return>
<msg time="2024-06-26T05:22:56.987596" level="INFO">${name} = เสียงหัวใจของฉัน 「มีแค่เธอนั้นที่รู้」เล่ม 9</msg>
<var>${name}</var>
<arg>${name}</arg>
<status status="PASS" start="2024-06-26T05:22:56.987099" elapsed="0.000497"/>
</kw>
<kw name="Append To List" owner="Collections">
<arg>${cart_book_names}</arg>
<arg>${name}</arg>
<doc>Adds ``values`` to the end of ``list``.</doc>
<status status="PASS" start="2024-06-26T05:22:56.987596" elapsed="0.000000"/>
</kw>
<kw name="Log" owner="BuiltIn">
<msg time="2024-06-26T05:22:56.987596" level="INFO">Found book in cart: เสียงหัวใจของฉัน 「มีแค่เธอนั้นที่รู้」เล่ม 9</msg>
<arg>Found book in cart: ${name}</arg>
<doc>Logs the given message with the given level.</doc>
<status status="PASS" start="2024-06-26T05:22:56.987596" elapsed="0.000000"/>
</kw>
<var name="${element}">&lt;selenium.webdriver.remote.webelement.WebElement (session="780ca8aa179a2c6f11ad0781e32ce0dc", element="f.59059FF23979E58B3F39BADD7479C770.d.210CF52BDF4E7B47B8F75BF0AE8371A6.e.435")&gt;</var>
<status status="PASS" start="2024-06-26T05:22:56.982616" elapsed="0.004980"/>
</iter>
<iter>
<kw name="Get Text" owner="SeleniumLibrary">
<msg time="2024-06-26T05:22:56.992174" level="INFO">${name} = New Prince of Tennis ภาค 2 เล่ม 27</msg>
<var>${name}</var>
<arg>${element}</arg>
<doc>Returns the text value of the element identified by ``locator``.</doc>
<status status="PASS" start="2024-06-26T05:22:56.988092" elapsed="0.004082"/>
</kw>
<kw name="Strip String">
<kw name="Evaluate" owner="BuiltIn">
<msg time="2024-06-26T05:22:56.992671" level="INFO">${stripped_string} = New Prince of Tennis ภาค 2 เล่ม 27</msg>
<var>${stripped_string}</var>
<arg>'${string}'.strip()</arg>
<doc>Evaluates the given expression in Python and returns the result.</doc>
<status status="PASS" start="2024-06-26T05:22:56.992671" elapsed="0.000000"/>
</kw>
<return>
<value>${stripped_string}</value>
<status status="PASS" start="2024-06-26T05:22:56.992671" elapsed="0.000000"/>
</return>
<msg time="2024-06-26T05:22:56.992671" level="INFO">${name} = New Prince of Tennis ภาค 2 เล่ม 27</msg>
<var>${name}</var>
<arg>${name}</arg>
<status status="PASS" start="2024-06-26T05:22:56.992174" elapsed="0.000497"/>
</kw>
<kw name="Append To List" owner="Collections">
<arg>${cart_book_names}</arg>
<arg>${name}</arg>
<doc>Adds ``values`` to the end of ``list``.</doc>
<status status="PASS" start="2024-06-26T05:22:56.992671" elapsed="0.000000"/>
</kw>
<kw name="Log" owner="BuiltIn">
<msg time="2024-06-26T05:22:56.993313" level="INFO">Found book in cart: New Prince of Tennis ภาค 2 เล่ม 27</msg>
<arg>Found book in cart: ${name}</arg>
<doc>Logs the given message with the given level.</doc>
<status status="PASS" start="2024-06-26T05:22:56.992671" elapsed="0.000642"/>
</kw>
<var name="${element}">&lt;selenium.webdriver.remote.webelement.WebElement (session="780ca8aa179a2c6f11ad0781e32ce0dc", element="f.59059FF23979E58B3F39BADD7479C770.d.210CF52BDF4E7B47B8F75BF0AE8371A6.e.436")&gt;</var>
<status status="PASS" start="2024-06-26T05:22:56.988092" elapsed="0.005221"/>
</iter>
<var>${element}</var>
<value>@{cart_book_elements}</value>
<status status="PASS" start="2024-06-26T05:22:56.965171" elapsed="0.028142"/>
</for>
<kw name="Log" owner="BuiltIn">
<msg time="2024-06-26T05:22:56.993313" level="INFO">All books in cart: ['ปฎิบัติการลับ บ้านโยซากุระ เล่ม 16', 'ปฎิบัติการลับ บ้านโยซากุระ เล่ม 15', 'PERSONA4 เพอร์โซนา 4 เล่ม 1', 'เสียงหัวใจของฉัน 「มีแค่เธอนั้นที่รู้」เล่ม 9', 'New Prince of Tennis ภาค 2 เล่ม 27']</msg>
<arg>All books in cart: ${cart_book_names}</arg>
<doc>Logs the given message with the given level.</doc>
<status status="PASS" start="2024-06-26T05:22:56.993313" elapsed="0.000000"/>
</kw>
<kw name="Log" owner="BuiltIn">
<msg time="2024-06-26T05:22:56.993810" level="INFO">Expected books: ['ปฎิบัติการลับ บ้านโยซากุระ เล่ม 16', 'ปฎิบัติการลับ บ้านโยซากุระ เล่ม 15', 'PERSONA4 เพอร์โซนา 4 เล่ม 1', 'เสียงหัวใจของฉัน 「มีแค่เธอนั้นที่รู้」เล่ม 9', 'New Prince of Tennis ภาค 2 เล่ม 27']</msg>
<arg>Expected books: ${expected_books}</arg>
<doc>Logs the given message with the given level.</doc>
<status status="PASS" start="2024-06-26T05:22:56.993810" elapsed="0.000000"/>
</kw>
<kw name="Lists Should Be Equal" owner="Collections">
<msg time="2024-06-26T05:22:56.993810" level="INFO">False</msg>
<arg>${cart_book_names}</arg>
<arg>${expected_books}</arg>
<doc>Fails if given lists are unequal.</doc>
<status status="PASS" start="2024-06-26T05:22:56.993810" elapsed="0.000000"/>
</kw>
<arg>${book_names}</arg>
<status status="PASS" start="2024-06-26T05:22:56.951041" elapsed="0.043265"/>
</kw>
<status status="PASS" start="2024-06-26T05:22:56.950546" elapsed="0.043760"/>
</test>
<test id="s1-t8" name="TC008 Delete All Books From Cart" line="38">
<kw name="Delete All Books From Cart" owner="resources">
<kw name="Run Keyword And Return Status" owner="BuiltIn">
<kw name="Page Should Contain Element" owner="SeleniumLibrary">
<msg time="2024-06-26T05:22:57.001260" level="INFO">Current page contains element 'xpath://body/main[1]/div[1]/div[3]/div[1]/div[1]/div[1]/div[2]/div[2]/div[5]/a[1]'.</msg>
<arg>xpath://body/main[1]/div[1]/div[3]/div[1]/div[1]/div[1]/div[2]/div[2]/div[5]/a[1]</arg>
<doc>Verifies that element ``locator`` is found on the current page.</doc>
<status status="PASS" start="2024-06-26T05:22:56.995300" elapsed="0.005960"/>
</kw>
<msg time="2024-06-26T05:22:57.001260" level="INFO">${delete_button_exists} = True</msg>
<var>${delete_button_exists}</var>
<arg>Page Should Contain Element</arg>
<arg>xpath://body/main[1]/div[1]/div[3]/div[1]/div[1]/div[1]/div[2]/div[2]/div[5]/a[1]</arg>
<doc>Runs the given keyword with given arguments and returns the status as a Boolean value.</doc>
<status status="PASS" start="2024-06-26T05:22:56.995300" elapsed="0.005960"/>
</kw>
<while condition="${delete_button_exists}">
<iter>
<kw name="Click Element" owner="SeleniumLibrary">
<msg time="2024-06-26T05:22:57.001260" level="INFO">Clicking element 'xpath://body/main[1]/div[1]/div[3]/div[1]/div[1]/div[1]/div[2]/div[2]/div[5]/a[1]'.</msg>
<arg>xpath://body/main[1]/div[1]/div[3]/div[1]/div[1]/div[1]/div[2]/div[2]/div[5]/a[1]</arg>
<doc>Click the element identified by ``locator``.</doc>
<status status="PASS" start="2024-06-26T05:22:57.001260" elapsed="0.028395"/>
</kw>
<kw name="Wait Until Element Is Visible" owner="SeleniumLibrary">
<arg>xpath://button[contains(text(),'ใช่ ลบรายการ')]</arg>
<doc>Waits until the element ``locator`` is visible.</doc>
<status status="PASS" start="2024-06-26T05:22:57.029655" elapsed="0.231045"/>
</kw>
<kw name="Click Element" owner="SeleniumLibrary">
<msg time="2024-06-26T05:22:57.261209" level="INFO">Clicking element 'xpath://button[contains(text(),'ใช่ ลบรายการ')]'.</msg>
<arg>xpath://button[contains(text(),'ใช่ ลบรายการ')]</arg>
<doc>Click the element identified by ``locator``.</doc>
<status status="PASS" start="2024-06-26T05:22:57.260700" elapsed="0.036488"/>
</kw>
<kw name="Sleep" owner="BuiltIn">
<msg time="2024-06-26T05:22:58.298117" level="INFO">Slept 1 second.</msg>
<arg>1s</arg>
<doc>Pauses the test executed for the given time.</doc>
<status status="PASS" start="2024-06-26T05:22:57.297684" elapsed="1.000433"/>
</kw>
<kw name="Run Keyword And Return Status" owner="BuiltIn">
<kw name="Page Should Contain Element" owner="SeleniumLibrary">
<msg time="2024-06-26T05:22:58.304618" level="INFO">Current page contains element 'xpath://body/main[1]/div[1]/div[3]/div[1]/div[1]/div[1]/div[2]/div[2]/div[5]/a[1]'.</msg>
<arg>xpath://body/main[1]/div[1]/div[3]/div[1]/div[1]/div[1]/div[2]/div[2]/div[5]/a[1]</arg>
<doc>Verifies that element ``locator`` is found on the current page.</doc>
<status status="PASS" start="2024-06-26T05:22:58.298635" elapsed="0.005983"/>
</kw>
<msg time="2024-06-26T05:22:58.304618" level="INFO">${delete_button_exists} = True</msg>
<var>${delete_button_exists}</var>
<arg>Page Should Contain Element</arg>
<arg>xpath://body/main[1]/div[1]/div[3]/div[1]/div[1]/div[1]/div[2]/div[2]/div[5]/a[1]</arg>
<doc>Runs the given keyword with given arguments and returns the status as a Boolean value.</doc>
<status status="PASS" start="2024-06-26T05:22:58.298117" elapsed="0.006501"/>
</kw>
<status status="PASS" start="2024-06-26T05:22:57.001260" elapsed="1.303358"/>
</iter>
<iter>
<kw name="Click Element" owner="SeleniumLibrary">
<msg time="2024-06-26T05:22:58.305620" level="INFO">Clicking element 'xpath://body/main[1]/div[1]/div[3]/div[1]/div[1]/div[1]/div[2]/div[2]/div[5]/a[1]'.</msg>
<arg>xpath://body/main[1]/div[1]/div[3]/div[1]/div[1]/div[1]/div[2]/div[2]/div[5]/a[1]</arg>
<doc>Click the element identified by ``locator``.</doc>
<status status="PASS" start="2024-06-26T05:22:58.304618" elapsed="0.024491"/>
</kw>
<kw name="Wait Until Element Is Visible" owner="SeleniumLibrary">
<arg>xpath://button[contains(text(),'ใช่ ลบรายการ')]</arg>
<doc>Waits until the element ``locator`` is visible.</doc>
<status status="PASS" start="2024-06-26T05:22:58.329109" elapsed="0.212136"/>
</kw>
<kw name="Click Element" owner="SeleniumLibrary">
<msg time="2024-06-26T05:22:58.541245" level="INFO">Clicking element 'xpath://button[contains(text(),'ใช่ ลบรายการ')]'.</msg>
<arg>xpath://button[contains(text(),'ใช่ ลบรายการ')]</arg>
<doc>Click the element identified by ``locator``.</doc>
<status status="PASS" start="2024-06-26T05:22:58.541245" elapsed="0.031138"/>
</kw>
<kw name="Sleep" owner="BuiltIn">
<msg time="2024-06-26T05:22:59.572664" level="INFO">Slept 1 second.</msg>
<arg>1s</arg>
<doc>Pauses the test executed for the given time.</doc>
<status status="PASS" start="2024-06-26T05:22:58.572383" elapsed="1.000281"/>
</kw>
<kw name="Run Keyword And Return Status" owner="BuiltIn">
<kw name="Page Should Contain Element" owner="SeleniumLibrary">
<msg time="2024-06-26T05:22:59.577801" level="INFO">Current page contains element 'xpath://body/main[1]/div[1]/div[3]/div[1]/div[1]/div[1]/div[2]/div[2]/div[5]/a[1]'.</msg>
<arg>xpath://body/main[1]/div[1]/div[3]/div[1]/div[1]/div[1]/div[2]/div[2]/div[5]/a[1]</arg>
<doc>Verifies that element ``locator`` is found on the current page.</doc>
<status status="PASS" start="2024-06-26T05:22:59.572664" elapsed="0.005634"/>
</kw>
<msg time="2024-06-26T05:22:59.578298" level="INFO">${delete_button_exists} = True</msg>
<var>${delete_button_exists}</var>
<arg>Page Should Contain Element</arg>
<arg>xpath://body/main[1]/div[1]/div[3]/div[1]/div[1]/div[1]/div[2]/div[2]/div[5]/a[1]</arg>
<doc>Runs the given keyword with given arguments and returns the status as a Boolean value.</doc>
<status status="PASS" start="2024-06-26T05:22:59.572664" elapsed="0.005634"/>
</kw>
<status status="PASS" start="2024-06-26T05:22:58.304618" elapsed="1.273680"/>
</iter>
<iter>
<kw name="Click Element" owner="SeleniumLibrary">
<msg time="2024-06-26T05:22:59.578795" level="INFO">Clicking element 'xpath://body/main[1]/div[1]/div[3]/div[1]/div[1]/div[1]/div[2]/div[2]/div[5]/a[1]'.</msg>
<arg>xpath://body/main[1]/div[1]/div[3]/div[1]/div[1]/div[1]/div[2]/div[2]/div[5]/a[1]</arg>
<doc>Click the element identified by ``locator``.</doc>
<status status="PASS" start="2024-06-26T05:22:59.578298" elapsed="0.032386"/>
</kw>
<kw name="Wait Until Element Is Visible" owner="SeleniumLibrary">
<arg>xpath://button[contains(text(),'ใช่ ลบรายการ')]</arg>
<doc>Waits until the element ``locator`` is visible.</doc>
<status status="PASS" start="2024-06-26T05:22:59.611180" elapsed="0.213679"/>
</kw>
<kw name="Click Element" owner="SeleniumLibrary">
<msg time="2024-06-26T05:22:59.824859" level="INFO">Clicking element 'xpath://button[contains(text(),'ใช่ ลบรายการ')]'.</msg>
<arg>xpath://button[contains(text(),'ใช่ ลบรายการ')]</arg>
<doc>Click the element identified by ``locator``.</doc>
<status status="PASS" start="2024-06-26T05:22:59.824859" elapsed="0.028545"/>
</kw>
<kw name="Sleep" owner="BuiltIn">
<msg time="2024-06-26T05:23:00.853915" level="INFO">Slept 1 second.</msg>
<arg>1s</arg>
<doc>Pauses the test executed for the given time.</doc>
<status status="PASS" start="2024-06-26T05:22:59.853404" elapsed="1.000511"/>
</kw>
<kw name="Run Keyword And Return Status" owner="BuiltIn">
<kw name="Page Should Contain Element" owner="SeleniumLibrary">
<msg time="2024-06-26T05:23:01.672977" level="INFO">Current page contains element 'xpath://body/main[1]/div[1]/div[3]/div[1]/div[1]/div[1]/div[2]/div[2]/div[5]/a[1]'.</msg>
<arg>xpath://body/main[1]/div[1]/div[3]/div[1]/div[1]/div[1]/div[2]/div[2]/div[5]/a[1]</arg>
<doc>Verifies that element ``locator`` is found on the current page.</doc>
<status status="PASS" start="2024-06-26T05:23:00.853915" elapsed="0.819062"/>
</kw>
<msg time="2024-06-26T05:23:01.672977" level="INFO">${delete_button_exists} = True</msg>
<var>${delete_button_exists}</var>
<arg>Page Should Contain Element</arg>
<arg>xpath://body/main[1]/div[1]/div[3]/div[1]/div[1]/div[1]/div[2]/div[2]/div[5]/a[1]</arg>
<doc>Runs the given keyword with given arguments and returns the status as a Boolean value.</doc>
<status status="PASS" start="2024-06-26T05:23:00.853915" elapsed="0.819062"/>
</kw>
<status status="PASS" start="2024-06-26T05:22:59.578298" elapsed="2.094679"/>
</iter>
<iter>
<kw name="Click Element" owner="SeleniumLibrary">
<msg time="2024-06-26T05:23:01.673473" level="INFO">Clicking element 'xpath://body/main[1]/div[1]/div[3]/div[1]/div[1]/div[1]/div[2]/div[2]/div[5]/a[1]'.</msg>
<arg>xpath://body/main[1]/div[1]/div[3]/div[1]/div[1]/div[1]/div[2]/div[2]/div[5]/a[1]</arg>
<doc>Click the element identified by ``locator``.</doc>
<status status="PASS" start="2024-06-26T05:23:01.672977" elapsed="0.025237"/>
</kw>
<kw name="Wait Until Element Is Visible" owner="SeleniumLibrary">
<arg>xpath://button[contains(text(),'ใช่ ลบรายการ')]</arg>
<doc>Waits until the element ``locator`` is visible.</doc>
<status status="PASS" start="2024-06-26T05:23:01.698214" elapsed="0.216408"/>
</kw>
<kw name="Click Element" owner="SeleniumLibrary">
<msg time="2024-06-26T05:23:01.914622" level="INFO">Clicking element 'xpath://button[contains(text(),'ใช่ ลบรายการ')]'.</msg>
<arg>xpath://button[contains(text(),'ใช่ ลบรายการ')]</arg>
<doc>Click the element identified by ``locator``.</doc>
<status status="PASS" start="2024-06-26T05:23:01.914622" elapsed="0.027477"/>
</kw>
<kw name="Sleep" owner="BuiltIn">
<msg time="2024-06-26T05:23:02.942260" level="INFO">Slept 1 second.</msg>
<arg>1s</arg>
<doc>Pauses the test executed for the given time.</doc>
<status status="PASS" start="2024-06-26T05:23:01.942099" elapsed="1.000161"/>
</kw>
<kw name="Run Keyword And Return Status" owner="BuiltIn">
<kw name="Page Should Contain Element" owner="SeleniumLibrary">
<msg time="2024-06-26T05:23:02.950248" level="INFO">Current page contains element 'xpath://body/main[1]/div[1]/div[3]/div[1]/div[1]/div[1]/div[2]/div[2]/div[5]/a[1]'.</msg>
<arg>xpath://body/main[1]/div[1]/div[3]/div[1]/div[1]/div[1]/div[2]/div[2]/div[5]/a[1]</arg>
<doc>Verifies that element ``locator`` is found on the current page.</doc>
<status status="PASS" start="2024-06-26T05:23:02.942788" elapsed="0.007460"/>
</kw>
<msg time="2024-06-26T05:23:02.950248" level="INFO">${delete_button_exists} = True</msg>
<var>${delete_button_exists}</var>
<arg>Page Should Contain Element</arg>
<arg>xpath://body/main[1]/div[1]/div[3]/div[1]/div[1]/div[1]/div[2]/div[2]/div[5]/a[1]</arg>
<doc>Runs the given keyword with given arguments and returns the status as a Boolean value.</doc>
<status status="PASS" start="2024-06-26T05:23:02.942260" elapsed="0.007988"/>
</kw>
<status status="PASS" start="2024-06-26T05:23:01.672977" elapsed="1.277271"/>
</iter>
<iter>
<kw name="Click Element" owner="SeleniumLibrary">
<msg time="2024-06-26T05:23:02.950753" level="INFO">Clicking element 'xpath://body/main[1]/div[1]/div[3]/div[1]/div[1]/div[1]/div[2]/div[2]/div[5]/a[1]'.</msg>
<arg>xpath://body/main[1]/div[1]/div[3]/div[1]/div[1]/div[1]/div[2]/div[2]/div[5]/a[1]</arg>
<doc>Click the element identified by ``locator``.</doc>
<status status="PASS" start="2024-06-26T05:23:02.950753" elapsed="0.024701"/>
</kw>
<kw name="Wait Until Element Is Visible" owner="SeleniumLibrary">
<arg>xpath://button[contains(text(),'ใช่ ลบรายการ')]</arg>
<doc>Waits until the element ``locator`` is visible.</doc>
<status status="PASS" start="2024-06-26T05:23:02.975951" elapsed="0.212745"/>
</kw>
<kw name="Click Element" owner="SeleniumLibrary">
<msg time="2024-06-26T05:23:03.189193" level="INFO">Clicking element 'xpath://button[contains(text(),'ใช่ ลบรายการ')]'.</msg>
<arg>xpath://button[contains(text(),'ใช่ ลบรายการ')]</arg>
<doc>Click the element identified by ``locator``.</doc>
<status status="PASS" start="2024-06-26T05:23:03.189193" elapsed="0.027598"/>
</kw>
<kw name="Sleep" owner="BuiltIn">
<msg time="2024-06-26T05:23:04.217455" level="INFO">Slept 1 second.</msg>
<arg>1s</arg>
<doc>Pauses the test executed for the given time.</doc>
<status status="PASS" start="2024-06-26T05:23:03.217369" elapsed="1.000086"/>
</kw>
<kw name="Run Keyword And Return Status" owner="BuiltIn">
<kw name="Page Should Contain Element" owner="SeleniumLibrary">
<msg time="2024-06-26T05:23:04.299592" level="INFO" html="true">&lt;/td&gt;&lt;/tr&gt;&lt;tr&gt;&lt;td colspan="3"&gt;&lt;a href="selenium-screenshot-1.png"&gt;&lt;img src="selenium-screenshot-1.png" width="800px"&gt;&lt;/a&gt;</msg>
<msg time="2024-06-26T05:23:04.299592" level="FAIL">Page should have contained element 'xpath://body/main[1]/div[1]/div[3]/div[1]/div[1]/div[1]/div[2]/div[2]/div[5]/a[1]' but did not.</msg>
<arg>xpath://body/main[1]/div[1]/div[3]/div[1]/div[1]/div[1]/div[2]/div[2]/div[5]/a[1]</arg>
<doc>Verifies that element ``locator`` is found on the current page.</doc>
<status status="FAIL" start="2024-06-26T05:23:04.217455" elapsed="0.083627">Page should have contained element 'xpath://body/main[1]/div[1]/div[3]/div[1]/div[1]/div[1]/div[2]/div[2]/div[5]/a[1]' but did not.</status>
</kw>
<msg time="2024-06-26T05:23:04.301082" level="INFO">${delete_button_exists} = False</msg>
<var>${delete_button_exists}</var>
<arg>Page Should Contain Element</arg>
<arg>xpath://body/main[1]/div[1]/div[3]/div[1]/div[1]/div[1]/div[2]/div[2]/div[5]/a[1]</arg>
<doc>Runs the given keyword with given arguments and returns the status as a Boolean value.</doc>
<status status="PASS" start="2024-06-26T05:23:04.217455" elapsed="0.083627"/>
</kw>
<status status="PASS" start="2024-06-26T05:23:02.950248" elapsed="1.350834"/>
</iter>
<status status="PASS" start="2024-06-26T05:22:57.001260" elapsed="7.299822"/>
</while>
<kw name="Log" owner="BuiltIn">
<msg time="2024-06-26T05:23:04.301082" level="INFO">Finished deleting all books from cart</msg>
<arg>Finished deleting all books from cart</arg>
<doc>Logs the given message with the given level.</doc>
<status status="PASS" start="2024-06-26T05:23:04.301082" elapsed="0.000000"/>
</kw>
<status status="PASS" start="2024-06-26T05:22:56.995300" elapsed="7.305782"/>
</kw>
<status status="PASS" start="2024-06-26T05:22:56.994803" elapsed="7.307282"/>
</test>
<test id="s1-t9" name="TC009 Verify Cart Badge Is Zero" line="41">
<kw name="Verify Cart Badge Is Zero" owner="resources">
<kw name="Get Text" owner="SeleniumLibrary">
<msg time="2024-06-26T05:23:04.313441" level="INFO">${badge_text} = 0</msg>
<var>${badge_text}</var>
<arg>xpath://div[@id='badge-cart']</arg>
<doc>Returns the text value of the element identified by ``locator``.</doc>
<status status="PASS" start="2024-06-26T05:23:04.303098" elapsed="0.010343"/>
</kw>
<kw name="Should Be Equal As Strings" owner="BuiltIn">
<arg>${badge_text}</arg>
<arg>0</arg>
<doc>Fails if objects are unequal after converting them to strings.</doc>
<status status="PASS" start="2024-06-26T05:23:04.313938" elapsed="0.000000"/>
</kw>
<status status="PASS" start="2024-06-26T05:23:04.303098" elapsed="0.010840"/>
</kw>
<kw name="Close Browser" owner="SeleniumLibrary" type="TEARDOWN">
<doc>Closes the current browser.</doc>
<status status="PASS" start="2024-06-26T05:23:04.314242" elapsed="2.143416"/>
</kw>
<status status="PASS" start="2024-06-26T05:23:04.302602" elapsed="2.155479"/>
</test>
<status status="PASS" start="2024-06-26T05:22:36.430460" elapsed="30.028117"/>
</suite>
<statistics>
<total>
<stat pass="9" fail="0" skip="0">All Tests</stat>
</total>
<tag>
</tag>
<suite>
<stat pass="9" fail="0" skip="0" id="s1" name="Nejavu">Nejavu</stat>
</suite>
</statistics>
<errors>
<msg time="2024-06-26T05:22:36.426983" level="WARN">Error in file 'C:\Users\aimai\OneDrive\Desktop\aimluffy_test\QA-Engineer-Testing-Bhuranasak\testcase\nejavu.robot' on line 49: The '[Return]' setting is deprecated. Use the 'RETURN' statement instead.</msg>
<msg time="2024-06-26T05:22:36.560286" level="WARN">Error in file 'C:\Users\aimai\OneDrive\Desktop\aimluffy_test\QA-Engineer-Testing-Bhuranasak\resources\resources.robot' on line 42: The '[Return]' setting is deprecated. Use the 'RETURN' statement instead.</msg>
</errors>
</robot>
